Building DAG of jobs...
Using shell: /usr/bin/bash
Provided cores: 1
Rules claiming more threads will be scaled down.
Job counts:
	count	jobs
	1	all
	90	generate_subset
	91

[Wed Apr 22 19:04:04 2020]
rule generate_subset:
    output: genomes_subsets/subset_80_3
    jobid: 66
    wildcards: sample=subset_80_3

[Wed Apr 22 19:04:04 2020]
Finished job 66.
1 of 91 steps (1%) done

[Wed Apr 22 19:04:04 2020]
rule generate_subset:
    output: genomes_subsets/subset_10_7
    jobid: 7
    wildcards: sample=subset_10_7

[Wed Apr 22 19:04:04 2020]
Finished job 7.
2 of 91 steps (2%) done

[Wed Apr 22 19:04:04 2020]
rule generate_subset:
    output: genomes_subsets/subset_40_9
    jobid: 36
    wildcards: sample=subset_40_9

[Wed Apr 22 19:04:04 2020]
Finished job 36.
3 of 91 steps (3%) done

[Wed Apr 22 19:04:04 2020]
rule generate_subset:
    output: genomes_subsets/subset_30_5
    jobid: 23
    wildcards: sample=subset_30_5

[Wed Apr 22 19:04:04 2020]
Finished job 23.
4 of 91 steps (4%) done

[Wed Apr 22 19:04:04 2020]
rule generate_subset:
    output: genomes_subsets/subset_10_8
    jobid: 8
    wildcards: sample=subset_10_8

[Wed Apr 22 19:04:04 2020]
Finished job 8.
5 of 91 steps (5%) done

[Wed Apr 22 19:04:04 2020]
rule generate_subset:
    output: genomes_subsets/subset_20_2
    jobid: 11
    wildcards: sample=subset_20_2

[Wed Apr 22 19:04:04 2020]
Finished job 11.
6 of 91 steps (7%) done

[Wed Apr 22 19:04:04 2020]
rule generate_subset:
    output: genomes_subsets/subset_30_3
    jobid: 21
    wildcards: sample=subset_30_3

[Wed Apr 22 19:04:04 2020]
Finished job 21.
7 of 91 steps (8%) done

[Wed Apr 22 19:04:04 2020]
rule generate_subset:
    output: genomes_subsets/subset_50_1
    jobid: 37
    wildcards: sample=subset_50_1

[Wed Apr 22 19:04:04 2020]
Finished job 37.
8 of 91 steps (9%) done

[Wed Apr 22 19:04:04 2020]
rule generate_subset:
    output: genomes_subsets/subset_50_9
    jobid: 45
    wildcards: sample=subset_50_9

[Wed Apr 22 19:04:04 2020]
Finished job 45.
9 of 91 steps (10%) done

[Wed Apr 22 19:04:04 2020]
rule generate_subset:
    output: genomes_subsets/subset_40_6
    jobid: 33
    wildcards: sample=subset_40_6

[Wed Apr 22 19:04:04 2020]
Finished job 33.
10 of 91 steps (11%) done

[Wed Apr 22 19:04:05 2020]
rule generate_subset:
    output: genomes_subsets/subset_70_3
    jobid: 57
    wildcards: sample=subset_70_3

[Wed Apr 22 19:04:05 2020]
Finished job 57.
11 of 91 steps (12%) done

[Wed Apr 22 19:04:05 2020]
rule generate_subset:
    output: genomes_subsets/subset_60_6
    jobid: 51
    wildcards: sample=subset_60_6

[Wed Apr 22 19:04:05 2020]
Finished job 51.
12 of 91 steps (13%) done

[Wed Apr 22 19:04:05 2020]
rule generate_subset:
    output: genomes_subsets/subset_30_1
    jobid: 19
    wildcards: sample=subset_30_1

[Wed Apr 22 19:04:05 2020]
Finished job 19.
13 of 91 steps (14%) done

[Wed Apr 22 19:04:05 2020]
rule generate_subset:
    output: genomes_subsets/subset_90_2
    jobid: 74
    wildcards: sample=subset_90_2

[Wed Apr 22 19:04:05 2020]
Finished job 74.
14 of 91 steps (15%) done

[Wed Apr 22 19:04:05 2020]
rule generate_subset:
    output: genomes_subsets/subset_30_4
    jobid: 22
    wildcards: sample=subset_30_4

[Wed Apr 22 19:04:05 2020]
Finished job 22.
15 of 91 steps (16%) done

[Wed Apr 22 19:04:05 2020]
rule generate_subset:
    output: genomes_subsets/subset_50_7
    jobid: 43
    wildcards: sample=subset_50_7

[Wed Apr 22 19:04:05 2020]
Finished job 43.
16 of 91 steps (18%) done

[Wed Apr 22 19:04:05 2020]
rule generate_subset:
    output: genomes_subsets/subset_40_1
    jobid: 28
    wildcards: sample=subset_40_1

[Wed Apr 22 19:04:05 2020]
Finished job 28.
17 of 91 steps (19%) done

[Wed Apr 22 19:04:05 2020]
rule generate_subset:
    output: genomes_subsets/subset_80_1
    jobid: 64
    wildcards: sample=subset_80_1

[Wed Apr 22 19:04:05 2020]
Finished job 64.
18 of 91 steps (20%) done

[Wed Apr 22 19:04:05 2020]
rule generate_subset:
    output: genomes_subsets/subset_40_4
    jobid: 31
    wildcards: sample=subset_40_4

[Wed Apr 22 19:04:05 2020]
Finished job 31.
19 of 91 steps (21%) done

[Wed Apr 22 19:04:05 2020]
rule generate_subset:
    output: genomes_subsets/subset_50_3
    jobid: 39
    wildcards: sample=subset_50_3

[Wed Apr 22 19:04:05 2020]
Finished job 39.
20 of 91 steps (22%) done

[Wed Apr 22 19:04:06 2020]
rule generate_subset:
    output: genomes_subsets/subset_60_9
    jobid: 54
    wildcards: sample=subset_60_9

[Wed Apr 22 19:04:06 2020]
Finished job 54.
21 of 91 steps (23%) done

[Wed Apr 22 19:04:06 2020]
rule generate_subset:
    output: genomes_subsets/subset_50_2
    jobid: 38
    wildcards: sample=subset_50_2

[Wed Apr 22 19:04:06 2020]
Finished job 38.
22 of 91 steps (24%) done

[Wed Apr 22 19:04:06 2020]
rule generate_subset:
    output: genomes_subsets/subset_50_4
    jobid: 40
    wildcards: sample=subset_50_4

[Wed Apr 22 19:04:06 2020]
Finished job 40.
23 of 91 steps (25%) done

[Wed Apr 22 19:04:06 2020]
rule generate_subset:
    output: genomes_subsets/subset_100_1
    jobid: 82
    wildcards: sample=subset_100_1

[Wed Apr 22 19:04:06 2020]
Finished job 82.
24 of 91 steps (26%) done

[Wed Apr 22 19:04:06 2020]
rule generate_subset:
    output: genomes_subsets/subset_60_4
    jobid: 49
    wildcards: sample=subset_60_4

[Wed Apr 22 19:04:06 2020]
Finished job 49.
25 of 91 steps (27%) done

[Wed Apr 22 19:04:06 2020]
rule generate_subset:
    output: genomes_subsets/subset_100_5
    jobid: 86
    wildcards: sample=subset_100_5

[Wed Apr 22 19:04:06 2020]
Finished job 86.
26 of 91 steps (29%) done

[Wed Apr 22 19:04:06 2020]
rule generate_subset:
    output: genomes_subsets/subset_100_7
    jobid: 88
    wildcards: sample=subset_100_7

[Wed Apr 22 19:04:06 2020]
Finished job 88.
27 of 91 steps (30%) done

[Wed Apr 22 19:04:06 2020]
rule generate_subset:
    output: genomes_subsets/subset_10_2
    jobid: 2
    wildcards: sample=subset_10_2

[Wed Apr 22 19:04:06 2020]
Finished job 2.
28 of 91 steps (31%) done

[Wed Apr 22 19:04:06 2020]
rule generate_subset:
    output: genomes_subsets/subset_60_8
    jobid: 53
    wildcards: sample=subset_60_8

[Wed Apr 22 19:04:06 2020]
Finished job 53.
29 of 91 steps (32%) done

[Wed Apr 22 19:04:06 2020]
rule generate_subset:
    output: genomes_subsets/subset_70_6
    jobid: 60
    wildcards: sample=subset_70_6

[Wed Apr 22 19:04:06 2020]
Finished job 60.
30 of 91 steps (33%) done

[Wed Apr 22 19:04:07 2020]
rule generate_subset:
    output: genomes_subsets/subset_60_3
    jobid: 48
    wildcards: sample=subset_60_3

[Wed Apr 22 19:04:07 2020]
Finished job 48.
31 of 91 steps (34%) done

[Wed Apr 22 19:04:07 2020]
rule generate_subset:
    output: genomes_subsets/subset_90_4
    jobid: 76
    wildcards: sample=subset_90_4

[Wed Apr 22 19:04:07 2020]
Finished job 76.
32 of 91 steps (35%) done

[Wed Apr 22 19:04:07 2020]
rule generate_subset:
    output: genomes_subsets/subset_100_8
    jobid: 89
    wildcards: sample=subset_100_8

[Wed Apr 22 19:04:07 2020]
Finished job 89.
33 of 91 steps (36%) done

[Wed Apr 22 19:04:07 2020]
rule generate_subset:
    output: genomes_subsets/subset_100_3
    jobid: 84
    wildcards: sample=subset_100_3

[Wed Apr 22 19:04:07 2020]
Finished job 84.
34 of 91 steps (37%) done

[Wed Apr 22 19:04:07 2020]
rule generate_subset:
    output: genomes_subsets/subset_50_6
    jobid: 42
    wildcards: sample=subset_50_6

[Wed Apr 22 19:04:07 2020]
Finished job 42.
35 of 91 steps (38%) done

[Wed Apr 22 19:04:07 2020]
rule generate_subset:
    output: genomes_subsets/subset_30_8
    jobid: 26
    wildcards: sample=subset_30_8

[Wed Apr 22 19:04:07 2020]
Finished job 26.
36 of 91 steps (40%) done

[Wed Apr 22 19:04:07 2020]
rule generate_subset:
    output: genomes_subsets/subset_30_7
    jobid: 25
    wildcards: sample=subset_30_7

[Wed Apr 22 19:04:07 2020]
Finished job 25.
37 of 91 steps (41%) done

[Wed Apr 22 19:04:07 2020]
rule generate_subset:
    output: genomes_subsets/subset_40_8
    jobid: 35
    wildcards: sample=subset_40_8

[Wed Apr 22 19:04:07 2020]
Finished job 35.
38 of 91 steps (42%) done

[Wed Apr 22 19:04:07 2020]
rule generate_subset:
    output: genomes_subsets/subset_100_4
    jobid: 85
    wildcards: sample=subset_100_4

[Wed Apr 22 19:04:07 2020]
Finished job 85.
39 of 91 steps (43%) done

[Wed Apr 22 19:04:07 2020]
rule generate_subset:
    output: genomes_subsets/subset_20_1
    jobid: 10
    wildcards: sample=subset_20_1

[Wed Apr 22 19:04:07 2020]
Finished job 10.
40 of 91 steps (44%) done

[Wed Apr 22 19:04:08 2020]
rule generate_subset:
    output: genomes_subsets/subset_60_5
    jobid: 50
    wildcards: sample=subset_60_5

[Wed Apr 22 19:04:08 2020]
Finished job 50.
41 of 91 steps (45%) done

[Wed Apr 22 19:04:08 2020]
rule generate_subset:
    output: genomes_subsets/subset_10_1
    jobid: 1
    wildcards: sample=subset_10_1

[Wed Apr 22 19:04:08 2020]
Finished job 1.
42 of 91 steps (46%) done

[Wed Apr 22 19:04:08 2020]
rule generate_subset:
    output: genomes_subsets/subset_80_5
    jobid: 68
    wildcards: sample=subset_80_5

[Wed Apr 22 19:04:08 2020]
Finished job 68.
43 of 91 steps (47%) done

[Wed Apr 22 19:04:08 2020]
rule generate_subset:
    output: genomes_subsets/subset_10_9
    jobid: 9
    wildcards: sample=subset_10_9

[Wed Apr 22 19:04:08 2020]
Finished job 9.
44 of 91 steps (48%) done

[Wed Apr 22 19:04:08 2020]
rule generate_subset:
    output: genomes_subsets/subset_40_7
    jobid: 34
    wildcards: sample=subset_40_7

[Wed Apr 22 19:04:08 2020]
Finished job 34.
45 of 91 steps (49%) done

[Wed Apr 22 19:04:08 2020]
rule generate_subset:
    output: genomes_subsets/subset_80_2
    jobid: 65
    wildcards: sample=subset_80_2

[Wed Apr 22 19:04:08 2020]
Finished job 65.
46 of 91 steps (51%) done

[Wed Apr 22 19:04:08 2020]
rule generate_subset:
    output: genomes_subsets/subset_80_8
    jobid: 71
    wildcards: sample=subset_80_8

[Wed Apr 22 19:04:08 2020]
Finished job 71.
47 of 91 steps (52%) done

[Wed Apr 22 19:04:08 2020]
rule generate_subset:
    output: genomes_subsets/subset_50_5
    jobid: 41
    wildcards: sample=subset_50_5

[Wed Apr 22 19:04:08 2020]
Finished job 41.
48 of 91 steps (53%) done

[Wed Apr 22 19:04:09 2020]
rule generate_subset:
    output: genomes_subsets/subset_70_9
    jobid: 63
    wildcards: sample=subset_70_9

[Wed Apr 22 19:04:09 2020]
Finished job 63.
49 of 91 steps (54%) done

[Wed Apr 22 19:04:09 2020]
rule generate_subset:
    output: genomes_subsets/subset_100_9
    jobid: 90
    wildcards: sample=subset_100_9

[Wed Apr 22 19:04:09 2020]
Finished job 90.
50 of 91 steps (55%) done

[Wed Apr 22 19:04:09 2020]
rule generate_subset:
    output: genomes_subsets/subset_30_9
    jobid: 27
    wildcards: sample=subset_30_9

[Wed Apr 22 19:04:09 2020]
Finished job 27.
51 of 91 steps (56%) done

[Wed Apr 22 19:04:09 2020]
rule generate_subset:
    output: genomes_subsets/subset_40_3
    jobid: 30
    wildcards: sample=subset_40_3

[Wed Apr 22 19:04:09 2020]
Finished job 30.
52 of 91 steps (57%) done

[Wed Apr 22 19:04:09 2020]
rule generate_subset:
    output: genomes_subsets/subset_80_9
    jobid: 72
    wildcards: sample=subset_80_9

[Wed Apr 22 19:04:09 2020]
Finished job 72.
53 of 91 steps (58%) done

[Wed Apr 22 19:04:09 2020]
rule generate_subset:
    output: genomes_subsets/subset_70_5
    jobid: 59
    wildcards: sample=subset_70_5

[Wed Apr 22 19:04:09 2020]
Finished job 59.
54 of 91 steps (59%) done

[Wed Apr 22 19:04:09 2020]
rule generate_subset:
    output: genomes_subsets/subset_90_3
    jobid: 75
    wildcards: sample=subset_90_3

[Wed Apr 22 19:04:09 2020]
Finished job 75.
55 of 91 steps (60%) done

[Wed Apr 22 19:04:09 2020]
rule generate_subset:
    output: genomes_subsets/subset_20_3
    jobid: 12
    wildcards: sample=subset_20_3

[Wed Apr 22 19:04:09 2020]
Finished job 12.
56 of 91 steps (62%) done

[Wed Apr 22 19:04:09 2020]
rule generate_subset:
    output: genomes_subsets/subset_30_6
    jobid: 24
    wildcards: sample=subset_30_6

[Wed Apr 22 19:04:09 2020]
Finished job 24.
57 of 91 steps (63%) done

[Wed Apr 22 19:04:10 2020]
rule generate_subset:
    output: genomes_subsets/subset_60_7
    jobid: 52
    wildcards: sample=subset_60_7

[Wed Apr 22 19:04:10 2020]
Finished job 52.
58 of 91 steps (64%) done

[Wed Apr 22 19:04:10 2020]
rule generate_subset:
    output: genomes_subsets/subset_90_7
    jobid: 79
    wildcards: sample=subset_90_7

[Wed Apr 22 19:04:10 2020]
Finished job 79.
59 of 91 steps (65%) done

[Wed Apr 22 19:04:10 2020]
rule generate_subset:
    output: genomes_subsets/subset_80_4
    jobid: 67
    wildcards: sample=subset_80_4

[Wed Apr 22 19:04:10 2020]
Finished job 67.
60 of 91 steps (66%) done

[Wed Apr 22 19:04:10 2020]
rule generate_subset:
    output: genomes_subsets/subset_20_6
    jobid: 15
    wildcards: sample=subset_20_6

[Wed Apr 22 19:04:10 2020]
Finished job 15.
61 of 91 steps (67%) done

[Wed Apr 22 19:04:10 2020]
rule generate_subset:
    output: genomes_subsets/subset_70_2
    jobid: 56
    wildcards: sample=subset_70_2

[Wed Apr 22 19:04:10 2020]
Finished job 56.
62 of 91 steps (68%) done

[Wed Apr 22 19:04:10 2020]
rule generate_subset:
    output: genomes_subsets/subset_20_7
    jobid: 16
    wildcards: sample=subset_20_7

[Wed Apr 22 19:04:10 2020]
Finished job 16.
63 of 91 steps (69%) done

[Wed Apr 22 19:04:10 2020]
rule generate_subset:
    output: genomes_subsets/subset_90_8
    jobid: 80
    wildcards: sample=subset_90_8

[Wed Apr 22 19:04:10 2020]
Finished job 80.
64 of 91 steps (70%) done

[Wed Apr 22 19:04:10 2020]
rule generate_subset:
    output: genomes_subsets/subset_10_5
    jobid: 5
    wildcards: sample=subset_10_5

[Wed Apr 22 19:04:10 2020]
Finished job 5.
65 of 91 steps (71%) done

[Wed Apr 22 19:04:10 2020]
rule generate_subset:
    output: genomes_subsets/subset_70_4
    jobid: 58
    wildcards: sample=subset_70_4

[Wed Apr 22 19:04:10 2020]
Finished job 58.
66 of 91 steps (73%) done

[Wed Apr 22 19:04:11 2020]
rule generate_subset:
    output: genomes_subsets/subset_70_7
    jobid: 61
    wildcards: sample=subset_70_7

[Wed Apr 22 19:04:11 2020]
Finished job 61.
67 of 91 steps (74%) done

[Wed Apr 22 19:04:11 2020]
rule generate_subset:
    output: genomes_subsets/subset_30_2
    jobid: 20
    wildcards: sample=subset_30_2

[Wed Apr 22 19:04:11 2020]
Finished job 20.
68 of 91 steps (75%) done

[Wed Apr 22 19:04:11 2020]
rule generate_subset:
    output: genomes_subsets/subset_60_2
    jobid: 47
    wildcards: sample=subset_60_2

[Wed Apr 22 19:04:11 2020]
Finished job 47.
69 of 91 steps (76%) done

[Wed Apr 22 19:04:11 2020]
rule generate_subset:
    output: genomes_subsets/subset_20_9
    jobid: 18
    wildcards: sample=subset_20_9

[Wed Apr 22 19:04:11 2020]
Finished job 18.
70 of 91 steps (77%) done

[Wed Apr 22 19:04:11 2020]
rule generate_subset:
    output: genomes_subsets/subset_80_7
    jobid: 70
    wildcards: sample=subset_80_7

[Wed Apr 22 19:04:11 2020]
Finished job 70.
71 of 91 steps (78%) done

[Wed Apr 22 19:04:11 2020]
rule generate_subset:
    output: genomes_subsets/subset_90_1
    jobid: 73
    wildcards: sample=subset_90_1

[Wed Apr 22 19:04:11 2020]
Finished job 73.
72 of 91 steps (79%) done

[Wed Apr 22 19:04:11 2020]
rule generate_subset:
    output: genomes_subsets/subset_10_4
    jobid: 4
    wildcards: sample=subset_10_4

[Wed Apr 22 19:04:11 2020]
Finished job 4.
73 of 91 steps (80%) done

[Wed Apr 22 19:04:11 2020]
rule generate_subset:
    output: genomes_subsets/subset_70_1
    jobid: 55
    wildcards: sample=subset_70_1

[Wed Apr 22 19:04:11 2020]
Finished job 55.
74 of 91 steps (81%) done

[Wed Apr 22 19:04:11 2020]
rule generate_subset:
    output: genomes_subsets/subset_20_8
    jobid: 17
    wildcards: sample=subset_20_8

[Wed Apr 22 19:04:11 2020]
Finished job 17.
75 of 91 steps (82%) done

[Wed Apr 22 19:04:12 2020]
rule generate_subset:
    output: genomes_subsets/subset_60_1
    jobid: 46
    wildcards: sample=subset_60_1

[Wed Apr 22 19:04:12 2020]
Finished job 46.
76 of 91 steps (84%) done

[Wed Apr 22 19:04:12 2020]
rule generate_subset:
    output: genomes_subsets/subset_20_4
    jobid: 13
    wildcards: sample=subset_20_4

[Wed Apr 22 19:04:12 2020]
Finished job 13.
77 of 91 steps (85%) done

[Wed Apr 22 19:04:12 2020]
rule generate_subset:
    output: genomes_subsets/subset_90_6
    jobid: 78
    wildcards: sample=subset_90_6

[Wed Apr 22 19:04:12 2020]
Finished job 78.
78 of 91 steps (86%) done

[Wed Apr 22 19:04:12 2020]
rule generate_subset:
    output: genomes_subsets/subset_70_8
    jobid: 62
    wildcards: sample=subset_70_8

[Wed Apr 22 19:04:12 2020]
Finished job 62.
79 of 91 steps (87%) done

[Wed Apr 22 19:04:12 2020]
rule generate_subset:
    output: genomes_subsets/subset_90_5
    jobid: 77
    wildcards: sample=subset_90_5

[Wed Apr 22 19:04:12 2020]
Finished job 77.
80 of 91 steps (88%) done

[Wed Apr 22 19:04:12 2020]
rule generate_subset:
    output: genomes_subsets/subset_100_6
    jobid: 87
    wildcards: sample=subset_100_6

[Wed Apr 22 19:04:12 2020]
Finished job 87.
81 of 91 steps (89%) done

[Wed Apr 22 19:04:12 2020]
rule generate_subset:
    output: genomes_subsets/subset_40_5
    jobid: 32
    wildcards: sample=subset_40_5

[Wed Apr 22 19:04:12 2020]
Finished job 32.
82 of 91 steps (90%) done

[Wed Apr 22 19:04:12 2020]
rule generate_subset:
    output: genomes_subsets/subset_80_6
    jobid: 69
    wildcards: sample=subset_80_6

[Wed Apr 22 19:04:12 2020]
Finished job 69.
83 of 91 steps (91%) done

[Wed Apr 22 19:04:12 2020]
rule generate_subset:
    output: genomes_subsets/subset_40_2
    jobid: 29
    wildcards: sample=subset_40_2

[Wed Apr 22 19:04:13 2020]
Finished job 29.
84 of 91 steps (92%) done

[Wed Apr 22 19:04:13 2020]
rule generate_subset:
    output: genomes_subsets/subset_10_6
    jobid: 6
    wildcards: sample=subset_10_6

[Wed Apr 22 19:04:13 2020]
Finished job 6.
85 of 91 steps (93%) done

[Wed Apr 22 19:04:13 2020]
rule generate_subset:
    output: genomes_subsets/subset_10_3
    jobid: 3
    wildcards: sample=subset_10_3

[Wed Apr 22 19:04:13 2020]
Finished job 3.
86 of 91 steps (95%) done

[Wed Apr 22 19:04:13 2020]
rule generate_subset:
    output: genomes_subsets/subset_100_2
    jobid: 83
    wildcards: sample=subset_100_2

[Wed Apr 22 19:04:13 2020]
Finished job 83.
87 of 91 steps (96%) done

[Wed Apr 22 19:04:13 2020]
rule generate_subset:
    output: genomes_subsets/subset_50_8
    jobid: 44
    wildcards: sample=subset_50_8

[Wed Apr 22 19:04:13 2020]
Finished job 44.
88 of 91 steps (97%) done

[Wed Apr 22 19:04:13 2020]
rule generate_subset:
    output: genomes_subsets/subset_90_9
    jobid: 81
    wildcards: sample=subset_90_9

[Wed Apr 22 19:04:13 2020]
Finished job 81.
89 of 91 steps (98%) done

[Wed Apr 22 19:04:13 2020]
rule generate_subset:
    output: genomes_subsets/subset_20_5
    jobid: 14
    wildcards: sample=subset_20_5

[Wed Apr 22 19:04:13 2020]
Finished job 14.
90 of 91 steps (99%) done

[Wed Apr 22 19:04:13 2020]
localrule all:
    input: genomes_subsets/subset_10_1, genomes_subsets/subset_10_2, genomes_subsets/subset_10_3, genomes_subsets/subset_10_4, genomes_subsets/subset_10_5, genomes_subsets/subset_10_6, genomes_subsets/subset_10_7, genomes_subsets/subset_10_8, genomes_subsets/subset_10_9, genomes_subsets/subset_20_1, genomes_subsets/subset_20_2, genomes_subsets/subset_20_3, genomes_subsets/subset_20_4, genomes_subsets/subset_20_5, genomes_subsets/subset_20_6, genomes_subsets/subset_20_7, genomes_subsets/subset_20_8, genomes_subsets/subset_20_9, genomes_subsets/subset_30_1, genomes_subsets/subset_30_2, genomes_subsets/subset_30_3, genomes_subsets/subset_30_4, genomes_subsets/subset_30_5, genomes_subsets/subset_30_6, genomes_subsets/subset_30_7, genomes_subsets/subset_30_8, genomes_subsets/subset_30_9, genomes_subsets/subset_40_1, genomes_subsets/subset_40_2, genomes_subsets/subset_40_3, genomes_subsets/subset_40_4, genomes_subsets/subset_40_5, genomes_subsets/subset_40_6, genomes_subsets/subset_40_7, genomes_subsets/subset_40_8, genomes_subsets/subset_40_9, genomes_subsets/subset_50_1, genomes_subsets/subset_50_2, genomes_subsets/subset_50_3, genomes_subsets/subset_50_4, genomes_subsets/subset_50_5, genomes_subsets/subset_50_6, genomes_subsets/subset_50_7, genomes_subsets/subset_50_8, genomes_subsets/subset_50_9, genomes_subsets/subset_60_1, genomes_subsets/subset_60_2, genomes_subsets/subset_60_3, genomes_subsets/subset_60_4, genomes_subsets/subset_60_5, genomes_subsets/subset_60_6, genomes_subsets/subset_60_7, genomes_subsets/subset_60_8, genomes_subsets/subset_60_9, genomes_subsets/subset_70_1, genomes_subsets/subset_70_2, genomes_subsets/subset_70_3, genomes_subsets/subset_70_4, genomes_subsets/subset_70_5, genomes_subsets/subset_70_6, genomes_subsets/subset_70_7, genomes_subsets/subset_70_8, genomes_subsets/subset_70_9, genomes_subsets/subset_80_1, genomes_subsets/subset_80_2, genomes_subsets/subset_80_3, genomes_subsets/subset_80_4, genomes_subsets/subset_80_5, genomes_subsets/subset_80_6, genomes_subsets/subset_80_7, genomes_subsets/subset_80_8, genomes_subsets/subset_80_9, genomes_subsets/subset_90_1, genomes_subsets/subset_90_2, genomes_subsets/subset_90_3, genomes_subsets/subset_90_4, genomes_subsets/subset_90_5, genomes_subsets/subset_90_6, genomes_subsets/subset_90_7, genomes_subsets/subset_90_8, genomes_subsets/subset_90_9, genomes_subsets/subset_100_1, genomes_subsets/subset_100_2, genomes_subsets/subset_100_3, genomes_subsets/subset_100_4, genomes_subsets/subset_100_5, genomes_subsets/subset_100_6, genomes_subsets/subset_100_7, genomes_subsets/subset_100_8, genomes_subsets/subset_100_9
    jobid: 0

[Wed Apr 22 19:04:13 2020]
Finished job 0.
91 of 91 steps (100%) done
Complete log: /data12/bio/PROJECTS/operonTravel/GCBPaperCode/saturation/ecoli/.snakemake/log/2020-04-22T190404.742000.snakemake.log
