Building DAG of jobs...
Using shell: /usr/bin/bash
Provided cores: 50
Rules claiming more threads will be scaled down.
Job counts:
	count	jobs
	1	all
	30	estimate
	31

[Wed Apr 22 19:30:02 2020]
rule estimate:
    input: genomes_subsets/subset_50_2
    output: complexity/subset_50_2
    jobid: 44
    wildcards: sample=subset_50_2


[Wed Apr 22 19:30:02 2020]
rule estimate:
    input: genomes_subsets/subset_100_2
    output: complexity/subset_100_2
    jobid: 59
    wildcards: sample=subset_100_2


[Wed Apr 22 19:30:02 2020]
rule estimate:
    input: genomes_subsets/subset_10_3
    output: complexity/subset_10_3
    jobid: 33
    wildcards: sample=subset_10_3


[Wed Apr 22 19:30:02 2020]
rule estimate:
    input: genomes_subsets/subset_50_1
    output: complexity/subset_50_1
    jobid: 43
    wildcards: sample=subset_50_1


[Wed Apr 22 19:30:02 2020]
rule estimate:
    input: genomes_subsets/subset_10_1
    output: complexity/subset_10_1
    jobid: 31
    wildcards: sample=subset_10_1


[Wed Apr 22 19:30:02 2020]
rule estimate:
    input: genomes_subsets/subset_40_1
    output: complexity/subset_40_1
    jobid: 40
    wildcards: sample=subset_40_1


[Wed Apr 22 19:30:02 2020]
rule estimate:
    input: genomes_subsets/subset_50_3
    output: complexity/subset_50_3
    jobid: 45
    wildcards: sample=subset_50_3


[Wed Apr 22 19:30:02 2020]
rule estimate:
    input: genomes_subsets/subset_80_2
    output: complexity/subset_80_2
    jobid: 53
    wildcards: sample=subset_80_2


[Wed Apr 22 19:30:02 2020]
rule estimate:
    input: genomes_subsets/subset_60_3
    output: complexity/subset_60_3
    jobid: 48
    wildcards: sample=subset_60_3


[Wed Apr 22 19:30:02 2020]
rule estimate:
    input: genomes_subsets/subset_60_1
    output: complexity/subset_60_1
    jobid: 46
    wildcards: sample=subset_60_1


[Wed Apr 22 19:30:03 2020]
rule estimate:
    input: genomes_subsets/subset_40_2
    output: complexity/subset_40_2
    jobid: 41
    wildcards: sample=subset_40_2


[Wed Apr 22 19:30:03 2020]
rule estimate:
    input: genomes_subsets/subset_90_3
    output: complexity/subset_90_3
    jobid: 57
    wildcards: sample=subset_90_3


[Wed Apr 22 19:30:03 2020]
rule estimate:
    input: genomes_subsets/subset_90_1
    output: complexity/subset_90_1
    jobid: 55
    wildcards: sample=subset_90_1


[Wed Apr 22 19:30:03 2020]
rule estimate:
    input: genomes_subsets/subset_20_1
    output: complexity/subset_20_1
    jobid: 34
    wildcards: sample=subset_20_1


[Wed Apr 22 19:30:03 2020]
rule estimate:
    input: genomes_subsets/subset_20_3
    output: complexity/subset_20_3
    jobid: 36
    wildcards: sample=subset_20_3


[Wed Apr 22 19:30:03 2020]
rule estimate:
    input: genomes_subsets/subset_30_1
    output: complexity/subset_30_1
    jobid: 37
    wildcards: sample=subset_30_1


[Wed Apr 22 19:30:03 2020]
rule estimate:
    input: genomes_subsets/subset_60_2
    output: complexity/subset_60_2
    jobid: 47
    wildcards: sample=subset_60_2


[Wed Apr 22 19:30:03 2020]
rule estimate:
    input: genomes_subsets/subset_100_3
    output: complexity/subset_100_3
    jobid: 60
    wildcards: sample=subset_100_3


[Wed Apr 22 19:30:03 2020]
rule estimate:
    input: genomes_subsets/subset_20_2
    output: complexity/subset_20_2
    jobid: 35
    wildcards: sample=subset_20_2


[Wed Apr 22 19:30:03 2020]
rule estimate:
    input: genomes_subsets/subset_80_1
    output: complexity/subset_80_1
    jobid: 52
    wildcards: sample=subset_80_1


[Wed Apr 22 19:30:04 2020]
rule estimate:
    input: genomes_subsets/subset_30_2
    output: complexity/subset_30_2
    jobid: 38
    wildcards: sample=subset_30_2


[Wed Apr 22 19:30:04 2020]
rule estimate:
    input: genomes_subsets/subset_80_3
    output: complexity/subset_80_3
    jobid: 54
    wildcards: sample=subset_80_3


[Wed Apr 22 19:30:04 2020]
rule estimate:
    input: genomes_subsets/subset_30_3
    output: complexity/subset_30_3
    jobid: 39
    wildcards: sample=subset_30_3


[Wed Apr 22 19:30:04 2020]
rule estimate:
    input: genomes_subsets/subset_70_1
    output: complexity/subset_70_1
    jobid: 49
    wildcards: sample=subset_70_1


[Wed Apr 22 19:30:04 2020]
rule estimate:
    input: genomes_subsets/subset_70_2
    output: complexity/subset_70_2
    jobid: 50
    wildcards: sample=subset_70_2


[Wed Apr 22 19:30:04 2020]
rule estimate:
    input: genomes_subsets/subset_100_1
    output: complexity/subset_100_1
    jobid: 58
    wildcards: sample=subset_100_1


[Wed Apr 22 19:30:04 2020]
rule estimate:
    input: genomes_subsets/subset_70_3
    output: complexity/subset_70_3
    jobid: 51
    wildcards: sample=subset_70_3


[Wed Apr 22 19:30:04 2020]
rule estimate:
    input: genomes_subsets/subset_10_2
    output: complexity/subset_10_2
    jobid: 32
    wildcards: sample=subset_10_2


[Wed Apr 22 19:30:04 2020]
rule estimate:
    input: genomes_subsets/subset_90_2
    output: complexity/subset_90_2
    jobid: 56
    wildcards: sample=subset_90_2


[Wed Apr 22 19:30:04 2020]
rule estimate:
    input: genomes_subsets/subset_40_3
    output: complexity/subset_40_3
    jobid: 42
    wildcards: sample=subset_40_3

[Wed Apr 22 19:31:54 2020]
Finished job 32.
1 of 31 steps (3%) done
[Wed Apr 22 19:32:24 2020]
Finished job 31.
2 of 31 steps (6%) done
[Wed Apr 22 19:32:38 2020]
Finished job 33.
3 of 31 steps (10%) done
[Wed Apr 22 19:33:31 2020]
Finished job 34.
4 of 31 steps (13%) done
[Wed Apr 22 19:33:44 2020]
Finished job 36.
5 of 31 steps (16%) done
[Wed Apr 22 19:33:49 2020]
Finished job 43.
6 of 31 steps (19%) done
[Wed Apr 22 19:33:57 2020]
Finished job 35.
7 of 31 steps (23%) done
[Wed Apr 22 19:34:02 2020]
Finished job 40.
8 of 31 steps (26%) done
[Wed Apr 22 19:34:10 2020]
Finished job 41.
9 of 31 steps (29%) done
[Wed Apr 22 19:34:12 2020]
Finished job 44.
10 of 31 steps (32%) done
[Wed Apr 22 19:34:15 2020]
Finished job 38.
11 of 31 steps (35%) done
[Wed Apr 22 19:34:24 2020]
Finished job 37.
12 of 31 steps (39%) done
[Wed Apr 22 19:34:27 2020]
Finished job 39.
13 of 31 steps (42%) done
[Wed Apr 22 19:34:41 2020]
Finished job 48.
14 of 31 steps (45%) done
[Wed Apr 22 19:34:53 2020]
Finished job 46.
15 of 31 steps (48%) done
[Wed Apr 22 19:34:55 2020]
Finished job 47.
16 of 31 steps (52%) done
[Wed Apr 22 19:34:57 2020]
Finished job 42.
17 of 31 steps (55%) done
[Wed Apr 22 19:35:01 2020]
Finished job 50.
18 of 31 steps (58%) done
[Wed Apr 22 19:35:09 2020]
Finished job 49.
19 of 31 steps (61%) done
[Wed Apr 22 19:35:24 2020]
Finished job 45.
20 of 31 steps (65%) done
[Wed Apr 22 19:35:25 2020]
Finished job 53.
21 of 31 steps (68%) done
[Wed Apr 22 19:35:55 2020]
Finished job 51.
22 of 31 steps (71%) done
[Wed Apr 22 19:35:56 2020]
Finished job 52.
23 of 31 steps (74%) done
[Wed Apr 22 19:36:04 2020]
Finished job 58.
24 of 31 steps (77%) done
[Wed Apr 22 19:36:14 2020]
Finished job 55.
25 of 31 steps (81%) done
[Wed Apr 22 19:36:15 2020]
Finished job 60.
26 of 31 steps (84%) done
[Wed Apr 22 19:36:15 2020]
Finished job 59.
27 of 31 steps (87%) done
[Wed Apr 22 19:36:21 2020]
Finished job 54.
28 of 31 steps (90%) done
[Wed Apr 22 19:36:44 2020]
Finished job 57.
29 of 31 steps (94%) done
[Wed Apr 22 19:36:54 2020]
Finished job 56.
30 of 31 steps (97%) done

[Wed Apr 22 19:36:55 2020]
localrule all:
    input: genomes_subsets/subset_10_1, genomes_subsets/subset_10_2, genomes_subsets/subset_10_3, genomes_subsets/subset_20_1, genomes_subsets/subset_20_2, genomes_subsets/subset_20_3, genomes_subsets/subset_30_1, genomes_subsets/subset_30_2, genomes_subsets/subset_30_3, genomes_subsets/subset_40_1, genomes_subsets/subset_40_2, genomes_subsets/subset_40_3, genomes_subsets/subset_50_1, genomes_subsets/subset_50_2, genomes_subsets/subset_50_3, genomes_subsets/subset_60_1, genomes_subsets/subset_60_2, genomes_subsets/subset_60_3, genomes_subsets/subset_70_1, genomes_subsets/subset_70_2, genomes_subsets/subset_70_3, genomes_subsets/subset_80_1, genomes_subsets/subset_80_2, genomes_subsets/subset_80_3, genomes_subsets/subset_90_1, genomes_subsets/subset_90_2, genomes_subsets/subset_90_3, genomes_subsets/subset_100_1, genomes_subsets/subset_100_2, genomes_subsets/subset_100_3, complexity/subset_10_1, complexity/subset_10_2, complexity/subset_10_3, complexity/subset_20_1, complexity/subset_20_2, complexity/subset_20_3, complexity/subset_30_1, complexity/subset_30_2, complexity/subset_30_3, complexity/subset_40_1, complexity/subset_40_2, complexity/subset_40_3, complexity/subset_50_1, complexity/subset_50_2, complexity/subset_50_3, complexity/subset_60_1, complexity/subset_60_2, complexity/subset_60_3, complexity/subset_70_1, complexity/subset_70_2, complexity/subset_70_3, complexity/subset_80_1, complexity/subset_80_2, complexity/subset_80_3, complexity/subset_90_1, complexity/subset_90_2, complexity/subset_90_3, complexity/subset_100_1, complexity/subset_100_2, complexity/subset_100_3
    jobid: 0

[Wed Apr 22 19:36:55 2020]
Finished job 0.
31 of 31 steps (100%) done
Complete log: /data12/bio/PROJECTS/operonTravel/GCBPaperCode/saturation/ecoli/.snakemake/log/2020-04-22T193002.188516.snakemake.log
