[17:54:58] This is prokka 1.14.6
[17:54:58] Written by Torsten Seemann <torsten.seemann@gmail.com>
[17:54:58] Homepage is https://github.com/tseemann/prokka
[17:54:58] Local time is Tue Mar  2 17:54:58 2021
[17:54:58] You are manolov
[17:54:58] Operating system is linux
[17:54:58] You have BioPerl 1.006924
[17:54:58] System has 128 cores.
[17:54:58] Will use maximum of 8 cores.
[17:54:58] Annotating as >>> Bacteria <<<
[17:54:58] Generating locus_tag from 'lf82.fasta' contents.
[17:54:58] Setting --locustag MHCJGCNO from MD5 61c30c78f2634143768a71d9a4ba4577
[17:54:58] Creating new output folder: lf82_prokka
[17:54:58] Running: mkdir -p lf82_prokka
[17:54:58] Using filename prefix: PROKKA_03022021.XXX
[17:54:58] Setting HMMER_NCPU=1
[17:54:58] Writing log to: lf82_prokka/PROKKA_03022021.log
[17:54:58] Command: /data/soft/prokka/bin/prokka --outdir lf82_prokka lf82.fasta
[17:54:58] Appending to PATH: /data/soft/prokka/bin/../binaries/linux
[17:54:58] Appending to PATH: /data/soft/prokka/bin/../binaries/linux/../common
[17:54:58] Appending to PATH: /data/soft/prokka/bin
[17:54:58] Looking for 'aragorn' - found /data/ps/anaconda3/envs/jupyter/bin/aragorn
[17:54:58] Determined aragorn version is 001002 from 'ARAGORN v1.2.38 Dean Laslett'
[17:54:58] Looking for 'barrnap' - found /data/ps/anaconda3/envs/jupyter/bin/barrnap
[17:54:58] Determined barrnap version is 000009 from 'barrnap 0.9'
[17:54:58] Looking for 'blastp' - found /data/ps/anaconda3/envs/jupyter/bin/blastp
[17:54:58] Determined blastp version is 002010 from 'blastp: 2.10.1+'
[17:54:58] Looking for 'cmpress' - found /data/ps/anaconda3/envs/jupyter/bin/cmpress
[17:54:58] Determined cmpress version is 001001 from '# INFERNAL 1.1.3 (Nov 2019)'
[17:54:58] Looking for 'cmscan' - found /data/ps/anaconda3/envs/jupyter/bin/cmscan
[17:54:58] Determined cmscan version is 001001 from '# INFERNAL 1.1.3 (Nov 2019)'
[17:54:58] Looking for 'egrep' - found /bin/egrep
[17:54:58] Looking for 'find' - found /usr/bin/find
[17:54:58] Looking for 'grep' - found /bin/grep
[17:54:58] Looking for 'hmmpress' - found /data/ps/anaconda3/envs/jupyter/bin/hmmpress
[17:54:58] Determined hmmpress version is 003003 from '# HMMER 3.3.2 (Nov 2020); http://hmmer.org/'
[17:54:58] Looking for 'hmmscan' - found /data/ps/anaconda3/envs/jupyter/bin/hmmscan
[17:54:58] Determined hmmscan version is 003003 from '# HMMER 3.3.2 (Nov 2020); http://hmmer.org/'
[17:54:58] Looking for 'java' - found /data/ps/anaconda3/envs/jupyter/bin/java
[17:54:58] Looking for 'makeblastdb' - found /data/ps/anaconda3/envs/jupyter/bin/makeblastdb
[17:54:58] Determined makeblastdb version is 002010 from 'makeblastdb: 2.10.1+'
[17:54:58] Looking for 'minced' - found /data/ps/anaconda3/envs/jupyter/bin/minced
[17:54:58] Determined minced version is 004002 from 'minced 0.4.2'
[17:54:58] Looking for 'parallel' - found /data/ps/anaconda3/envs/jupyter/bin/parallel
[17:54:58] Determined parallel version is 20210222 from 'GNU parallel 20210222'
[17:54:58] Looking for 'prodigal' - found /data/ps/anaconda3/envs/jupyter/bin/prodigal
[17:54:59] Determined prodigal version is 002006 from 'Prodigal V2.6.3: February, 2016'
[17:54:59] Looking for 'prokka-genbank_to_fasta_db' - found /data/ps/anaconda3/envs/jupyter/bin/prokka-genbank_to_fasta_db
[17:54:59] Looking for 'sed' - found /data/ps/anaconda3/envs/jupyter/bin/sed
[17:54:59] Looking for 'tbl2asn' - found /data/ps/anaconda3/envs/jupyter/bin/tbl2asn
[17:54:59] Determined tbl2asn version is 025007 from 'tbl2asn 25.7   arguments:'
[17:54:59] Using genetic code table 11.
[17:54:59] Loading and checking input file: lf82.fasta
[17:54:59] Wrote 1 contigs totalling 4773108 bp.
[17:54:59] Predicting tRNAs and tmRNAs
[17:54:59] Running: aragorn -l -gc11  -w lf82_prokka\/PROKKA_03022021\.fna
[17:55:02] 1 tRNA-Ile [229106,229182] 35 (gat)
[17:55:02] 2 tRNA-Ala [229225,229300] 34 (tgc)
[17:55:02] 3 tRNA-Asp [232641,232717] 35 (gtc)
[17:55:02] 4 tRNA-Asp [240866,240942] 35 (gtc)
[17:55:02] 5 tRNA-Thr [299507,299582] 34 (cgt)
[17:55:02] 6 tRNA-Ser [364433,364513] 38 (gga)
[17:55:02] 7 tRNA-Arg [557158,557234] 35 (tct)
[17:55:02] 8 tRNA-Gln c[660151,660225] 33 (ctg)
[17:55:02] 9 tRNA-Gln c[660263,660337] 33 (ctg)
[17:55:02] 10 tRNA-Met c[660386,660462] 35 (cat)
[17:55:02] 11 tRNA-Gln c[660478,660552] 33 (ttg)
[17:55:02] 12 tRNA-Gln c[660587,660661] 33 (ttg)
[17:55:02] 13 tRNA-Leu c[660685,660769] 35 (tag)
[17:55:02] 14 tRNA-Met c[660779,660855] 35 (cat)
[17:55:02] 15 tRNA-Lys [733590,733665] 34 (ttt)
[17:55:02] 16 tRNA-Val [733701,733776] 34 (tac)
[17:55:02] 17 tRNA-Lys [733779,733854] 34 (ttt)
[17:55:02] 18 tRNA-Val [733906,733981] 34 (tac)
[17:55:02] 19 tRNA-Lys [733985,734060] 34 (ttt)
[17:55:02] 20 tRNA-Lys [734109,734184] 34 (ttt)
[17:55:02] 21 tRNA-Lys [734218,734293] 34 (ttt)
[17:55:02] 22 tRNA-Ser c[886520,886607] 35 (gga)
[17:55:02] 23 tRNA-Ser c[983429,983516] 35 (tga)
[17:55:02] 24 tRNA-Ser c[1074223,1074310] 35 (gga)
[17:55:02] 25 tRNA-Tyr c[1303347,1303431] 35 (gta)
[17:55:02] 26 tRNA-Tyr c[1303465,1303549] 35 (gta)
[17:55:02] 27 tRNA-Val [1719461,1719537] 35 (gac)
[17:55:02] 28 tRNA-Val [1719542,1719618] 35 (gac)
[17:55:02] 29 tRNA-Leu c[1953472,1953558] 35 (taa)
[17:55:02] 30 tRNA-Cys c[1953571,1953644] 33 (gca)
[17:55:02] 31 tRNA-Gly c[1953698,1953773] 34 (gcc)
[17:55:02] 32 tRNA-Ser c[2006592,2006681] 35 (cga)
[17:55:02] 33 tRNA-Asn [2007673,2007748] 34 (gtt)
[17:55:02] 34 tRNA-Asn c[2047566,2047641] 34 (gtt)
[17:55:02] 35 tRNA-Asn [2049390,2049465] 34 (gtt)
[17:55:02] 36 tRNA-Asn [2051799,2051874] 34 (gtt)
[17:55:02] 37 tRNA-Pro [2304143,2304219] 35 (ggg)
[17:55:02] 38 tRNA-Arg [2473811,2473885] 34 (cct)
[17:55:02] 39 tRNA-Ala c[2513980,2514055] 34 (ggc)
[17:55:02] 40 tRNA-Ala c[2514095,2514170] 34 (ggc)
[17:55:02] 41 tRNA-Val [2516869,2516944] 34 (tac)
[17:55:02] 42 tRNA-Ala [2516988,2517063] 34 (tgc)
[17:55:02] 43 tRNA-Val [2517110,2517185] 34 (tac)
[17:55:02] 44 tRNA-Lys [2517190,2517265] 34 (ttt)
[17:55:02] 45 tRNA-Glu c[2709601,2709676] 35 (ttc)
[17:55:02] 46 tmRNA [2735623,2735985] 90,125 ANDENYALAA**
[17:55:02] 47 tRNA-Arg c[2800690,2800766] 35 (acg)
[17:55:02] 48 tRNA-Arg c[2800830,2800906] 35 (acg)
[17:55:02] 49 tRNA-Arg c[2800969,2801045] 35 (acg)
[17:55:02] 50 tRNA-Arg c[2801110,2801186] 35 (acg)
[17:55:02] 51 tRNA-Ser c[2801190,2801282] 35 (gct)
[17:55:02] 52 tRNA-Met [2925480,2925556] 35 (cat)
[17:55:02] 53 tRNA-Met [2925590,2925666] 35 (cat)
[17:55:02] 54 tRNA-Met [2925700,2925776] 35 (cat)
[17:55:02] 55 tRNA-Gly c[3000170,3000243] 33 (ccc)
[17:55:02] 56 tRNA-Phe [3110179,3110254] 34 (gaa)
[17:55:02] 57 tRNA-Met [3266377,3266452] 34 (cat)
[17:55:02] 58 tRNA-Met c[3362033,3362109] 35 (cat)
[17:55:02] 59 tRNA-Leu c[3365890,3365976] 35 (gag)
[17:55:02] 60 tRNA-Thr c[3466672,3466747] 34 (ggt)
[17:55:02] 61 tRNA-Ala c[3470058,3470133] 34 (tgc)
[17:55:02] 62 tRNA-Ile c[3470176,3470252] 35 (gat)
[17:55:02] 63 tRNA-Pro c[3753653,3753729] 35 (cgg)
[17:55:02] 64 tRNA-SeC [3885623,3885717] 35 (tca)
[17:55:02] 65 tRNA-Glu [3989463,3989538] 35 (ttc)
[17:55:02] 66 tRNA-Asp [3992901,3992977] 35 (gtc)
[17:55:02] 67 tRNA-Trp [3992986,3993061] 34 (cca)
[17:55:02] 68 tRNA-Arg [4027530,4027606] 35 (ccg)
[17:55:02] 69 tRNA-His [4027665,4027740] 34 (gtg)
[17:55:02] 70 tRNA-Leu [4027761,4027847] 35 (cag)
[17:55:02] 71 tRNA-Pro [4027890,4027966] 35 (tgg)
[17:55:02] 72 tRNA-Ile [4105194,4105270] 35 (gat)
[17:55:02] 73 tRNA-Ala [4105313,4105388] 34 (tgc)
[17:55:02] 74 tRNA-Glu [4245596,4245671] 35 (ttc)
[17:55:02] 75 tRNA-Thr [4252448,4252523] 34 (tgt)
[17:55:02] 76 tRNA-Tyr [4252532,4252616] 35 (gta)
[17:55:02] 77 tRNA-Gly [4252733,4252807] 34 (tcc)
[17:55:02] 78 tRNA-Thr [4252814,4252889] 34 (ggt)
[17:55:02] 79 tRNA-Glu [4285766,4285841] 35 (ttc)
[17:55:02] 80 tRNA-Phe c[4502926,4503001] 34 (gaa)
[17:55:02] 81 tRNA-Gly [4531867,4531942] 34 (gcc)
[17:55:02] 82 tRNA-Gly [4531979,4532054] 34 (gcc)
[17:55:02] 83 tRNA-Gly [4532090,4532165] 34 (gcc)
[17:55:02] 84 tRNA-Leu [4646682,4646766] 35 (caa)
[17:55:02] 85 tRNA-Leu c[4737120,4737206] 35 (cag)
[17:55:02] 86 tRNA-Leu c[4737241,4737327] 35 (cag)
[17:55:02] 87 tRNA-Leu c[4737356,4737442] 35 (cag)
[17:55:02] Found 87 tRNAs
[17:55:02] Predicting Ribosomal RNAs
[17:55:02] Running Barrnap with 8 threads
[17:55:04] 1 CU651637.1 227499 16S ribosomal RNA
[17:55:04] 2 CU651637.1 229477 23S ribosomal RNA
[17:55:04] 3 CU651637.1 232474 5S ribosomal RNA
[17:55:04] 4 CU651637.1 2706296 5S ribosomal RNA
[17:55:04] 5 CU651637.1 2706505 23S ribosomal RNA
[17:55:04] 6 CU651637.1 2709763 16S ribosomal RNA
[17:55:04] 7 CU651637.1 3466520 5S ribosomal RNA
[17:55:04] 8 CU651637.1 3466765 5S ribosomal RNA
[17:55:04] 9 CU651637.1 3466974 23S ribosomal RNA
[17:55:04] 10 CU651637.1 3470322 16S ribosomal RNA
[17:55:04] 11 CU651637.1 3987839 16S ribosomal RNA
[17:55:04] 12 CU651637.1 3989734 23S ribosomal RNA
[17:55:04] 13 CU651637.1 3992733 5S ribosomal RNA
[17:55:04] 14 CU651637.1 4103587 16S ribosomal RNA
[17:55:04] 15 CU651637.1 4105565 23S ribosomal RNA
[17:55:04] 16 CU651637.1 4108564 5S ribosomal RNA
[17:55:04] 17 CU651637.1 4243972 16S ribosomal RNA
[17:55:04] 18 CU651637.1 4245867 23S ribosomal RNA
[17:55:04] 19 CU651637.1 4248867 5S ribosomal RNA
[17:55:04] 20 CU651637.1 4284142 16S ribosomal RNA
[17:55:04] 21 CU651637.1 4286037 23S ribosomal RNA
[17:55:04] 22 CU651637.1 4289037 5S ribosomal RNA
[17:55:04] Found 22 rRNAs
[17:55:04] Skipping ncRNA search, enable with --rfam if desired.
[17:55:04] Total of 108 tRNA + rRNA features
[17:55:04] Searching for CRISPR repeats
[17:55:04] CRISPR1 CU651637.1 877323 with 10 spacers
[17:55:04] CRISPR2 CU651637.1 886950 with 23 spacers
[17:55:04] Found 2 CRISPRs
[17:55:04] Predicting coding sequences
[17:55:04] Contigs total 4773108 bp, so using single mode
[17:55:04] Running: prodigal -i lf82_prokka\/PROKKA_03022021\.fna -c -m -g 11 -p single -f sco -q
[17:55:13] Excluding CDS which overlaps existing RNA (rRNA) at CU651637.1:228683..228937 on + strand
[17:55:14] Excluding CDS which overlaps existing RNA (repeat_region) at CU651637.1:887517..887951 on + strand
[17:55:17] Excluding CDS which overlaps existing RNA (rRNA) at CU651637.1:2709862..2710116 on - strand
[17:55:17] Excluding CDS which overlaps existing RNA (tRNA) at CU651637.1:2800829..2801401 on + strand
[17:55:18] Excluding CDS which overlaps existing RNA (tRNA) at CU651637.1:3466595..3466867 on + strand
[17:55:18] Excluding CDS which overlaps existing RNA (rRNA) at CU651637.1:3470421..3470675 on - strand
[17:55:19] Excluding CDS which overlaps existing RNA (rRNA) at CU651637.1:3989023..3989277 on + strand
[17:55:20] Excluding CDS which overlaps existing RNA (rRNA) at CU651637.1:4104771..4105025 on + strand
[17:55:20] Excluding CDS which overlaps existing RNA (rRNA) at CU651637.1:4245156..4245410 on + strand
[17:55:20] Excluding CDS which overlaps existing RNA (rRNA) at CU651637.1:4285326..4285580 on + strand
[17:55:20] Found 4400 CDS
[17:55:20] Connecting features back to sequences
[17:55:20] Not using genus-specific database. Try --usegenus to enable it.
[17:55:20] Annotating CDS, please be patient.
[17:55:20] Will use 8 CPUs for similarity searching.
[17:55:24] There are still 4400 unannotated CDS left (started with 4400)
[17:55:24] Will use blast to search against /data/soft/prokka/db/kingdom/Bacteria/IS with 8 CPUs
[17:55:24] Running: cat lf82_prokka\/PROKKA_03022021\.IS\.tmp\.182006\.faa | parallel --gnu --plain -j 8 --block 89457 --recstart '>' --pipe blastp -query - -db /data/soft/prokka/db/kingdom/Bacteria/IS -evalue 1e-30 -qcov_hsp_perc 90 -num_threads 1 -num_descriptions 1 -num_alignments 1 -seg no > lf82_prokka\/PROKKA_03022021\.IS\.tmp\.182006\.blast 2> /dev/null
[17:55:35] Deleting unwanted file: lf82_prokka/PROKKA_03022021.IS.tmp.182006.faa
[17:55:35] Deleting unwanted file: lf82_prokka/PROKKA_03022021.IS.tmp.182006.blast
[17:55:38] There are still 4381 unannotated CDS left (started with 4400)
[17:55:38] Will use blast to search against /data/soft/prokka/db/kingdom/Bacteria/AMR with 8 CPUs
[17:55:38] Running: cat lf82_prokka\/PROKKA_03022021\.AMR\.tmp\.182006\.faa | parallel --gnu --plain -j 8 --block 89178 --recstart '>' --pipe blastp -query - -db /data/soft/prokka/db/kingdom/Bacteria/AMR -evalue 9.99999999999999e-301 -qcov_hsp_perc 90 -num_threads 1 -num_descriptions 1 -num_alignments 1 -seg no > lf82_prokka\/PROKKA_03022021\.AMR\.tmp\.182006\.blast 2> /dev/null
[17:55:47] Deleting unwanted file: lf82_prokka/PROKKA_03022021.AMR.tmp.182006.faa
[17:55:47] Deleting unwanted file: lf82_prokka/PROKKA_03022021.AMR.tmp.182006.blast
[17:55:50] There are still 4381 unannotated CDS left (started with 4400)
[17:55:50] Will use blast to search against /data/soft/prokka/db/kingdom/Bacteria/sprot with 8 CPUs
[17:55:50] Running: cat lf82_prokka\/PROKKA_03022021\.sprot\.tmp\.182006\.faa | parallel --gnu --plain -j 8 --block 89178 --recstart '>' --pipe blastp -query - -db /data/soft/prokka/db/kingdom/Bacteria/sprot -evalue 1e-09 -qcov_hsp_perc 80 -num_threads 1 -num_descriptions 1 -num_alignments 1 -seg no > lf82_prokka\/PROKKA_03022021\.sprot\.tmp\.182006\.blast 2> /dev/null
[17:56:31] Modify product: Uncharacterized isomerase YddE => putative isomerase YddE
[17:56:31] Modify product: Probable nitrate reductase molybdenum cofactor assembly chaperone NarW => putative nitrate reductase molybdenum cofactor assembly chaperone NarW
[17:56:31] Modify product: Uncharacterized HTH-type transcriptional regulator YddM => putative HTH-type transcriptional regulator YddM
[17:56:31] Modify product: Probable glutamate/gamma-aminobutyrate antiporter => putative glutamate/gamma-aminobutyrate antiporter
[17:56:31] Modify product: UPF0056 inner membrane protein MarC => hypothetical protein
[17:56:31] Modify product: Probable amino-acid metabolite efflux pump => putative amino-acid metabolite efflux pump
[17:56:31] Modify product: Uncharacterized protein YdfO => putative protein YdfO
[17:56:31] Modify product: Uncharacterized protein YdfR => putative protein YdfR
[17:56:31] Modify product: Uncharacterized protein YdfB => putative protein YdfB
[17:56:31] Modify product: UPF0060 membrane protein YnfA => hypothetical protein
[17:56:31] Modify product: UPF0482 protein YnfB => hypothetical protein
[17:56:31] Modify product: Uncharacterized protein YnfD => putative protein YnfD
[17:56:31] Modify product: Probable dimethyl sulfoxide reductase chain YnfF => putative dimethyl sulfoxide reductase chain YnfF
[17:56:31] Modify product: Probable dimethyl sulfoxide reductase chain YnfF => putative dimethyl sulfoxide reductase chain YnfF
[17:56:31] Modify product: Uncharacterized oxidoreductase YdgJ => putative oxidoreductase YdgJ
[17:56:31] Modify product: Uncharacterized protein YnhF => putative protein YnhF
[17:56:31] Modify product: Uncharacterized HTH-type transcriptional regulator YahB => putative HTH-type transcriptional regulator YahB
[17:56:31] Modify product: Uncharacterized protein YdhT => putative protein YdhT
[17:56:31] Modify product: Uncharacterized ferredoxin-like protein YdhX => putative ferredoxin-like protein YdhX
[17:56:31] Modify product: Uncharacterized protein YdhW => putative protein YdhW
[17:56:31] Modify product: Uncharacterized oxidoreductase YdhV => putative oxidoreductase YdhV
[17:56:31] Modify product: Uncharacterized ferredoxin-like protein YdhY => putative ferredoxin-like protein YdhY
[17:56:31] Modify product: Probable L,D-transpeptidase YnhG => putative L,D-transpeptidase YnhG
[17:56:31] Modify product: Probable ATP-dependent transporter SufC => putative ATP-dependent transporter SufC
[17:56:31] Modify product: Uncharacterized protein HI_1163 => putative protein
[17:56:31] Modify product: Uncharacterized protein YdiE => putative protein YdiE
[17:56:31] Modify product: Uncharacterized protein YniD => putative protein YniD
[17:56:31] Modify product: Probable ketoamine kinase HMPREF0351_12196 => putative ketoamine kinase
[17:56:31] Modify product: Probable hydrolase YcaC => putative hydrolase YcaC
[17:56:31] Modify product: Uncharacterized MFS-type transporter YcaD => putative MFS-type transporter YcaD
[17:56:31] Modify product: UPF0434 protein YcaR => hypothetical protein
[17:56:31] Modify product: Probable L,D-transpeptidase YcbB => putative L,D-transpeptidase YcbB
[17:56:31] Modify product: Uncharacterized protein YcbX => putative protein YcbX
[17:56:31] Modify product: UPF0319 protein HI_1681 => hypothetical protein
[17:56:31] Modify product: Uncharacterized protein YccU => putative protein YccU
[17:56:31] Modify product: Probable Ni/Fe-hydrogenase 1 B-type cytochrome subunit => putative Ni/Fe-hydrogenase 1 B-type cytochrome subunit
[17:56:31] Modify product: Uncharacterized HTH-type transcriptional regulator CBU_1416 => putative HTH-type transcriptional regulator
[17:56:31] Modify product: Uncharacterized protein HI_1410 => putative protein
[17:56:31] Modify product: Uncharacterized protein YccJ => putative protein YccJ
[17:56:31] Modify product: Probable malonic semialdehyde reductase RutE => putative malonic semialdehyde reductase RutE
[17:56:31] Modify product: Probable diguanylate cyclase DgcT => putative diguanylate cyclase DgcT
[17:56:31] Modify product: Probable phosphatase YcdX => putative phosphatase YcdX
[17:56:31] Modify product: Uncharacterized protein YmdA => putative protein YmdA
[17:56:31] Modify product: UPF0176 protein YceA => hypothetical protein
[17:56:31] Modify product: Cytochrome b561 homolog 2 => Cytochrome b561 
[17:56:31] Modify product: Uncharacterized protein YceO => putative protein YceO
[17:56:31] Modify product: Uncharacterized lipoprotein YceB => putative lipoprotein YceB
[17:56:31] Modify product: UPF0502 protein YceH => hypothetical protein
[17:56:31] Modify product: Uncharacterized metal-dependent hydrolase YcfH => putative metal-dependent hydrolase YcfH
[17:56:31] Modify product: UPF0227 protein YcfP => hypothetical protein
[17:56:31] Modify product: Probable L,D-transpeptidase YcfS => putative L,D-transpeptidase YcfS
[17:56:31] Modify product: UPF0265 protein YeeX => hypothetical protein
[17:56:32] Modify product: UPF0053 inner membrane protein YoaE => hypothetical protein
[17:56:32] Modify product: Probable diguanylate cyclase DgcE => putative diguanylate cyclase DgcE
[17:56:32] Modify product: UPF0339 protein YegP => hypothetical protein
[17:56:32] Modify product: 23S rRNA 5-hydroxycytidine C2501 synthase => 23S rRNA 5-hydroxycytidine synthase
[17:56:32] Modify product: Uncharacterized fimbrial-like protein YehA => putative fimbrial-like protein YehA
[17:56:32] Modify product: Probable fimbrial chaperone YehC => putative fimbrial chaperone YehC
[17:56:32] Modify product: Uncharacterized fimbrial-like protein YehD => putative fimbrial-like protein YehD
[17:56:32] Modify product: Uncharacterized protein YehL => putative protein YehL
[17:56:32] Modify product: Uncharacterized lipoprotein YehR => putative lipoprotein YehR
[17:56:32] Modify product: UPF0387 membrane protein YohO => hypothetical protein
[17:56:32] Modify product: Uncharacterized oxidoreductase YohF => putative oxidoreductase YohF
[17:56:32] Modify product: UPF0299 membrane protein YohJ => hypothetical protein
[17:56:32] Modify product: UPF0324 inner membrane protein YeiH => hypothetical protein
[17:56:32] Modify product: UPF0153 protein YeiW => hypothetical protein
[17:56:32] Modify product: Probable cyclic di-GMP phosphodiesterase PdeN => putative cyclic di-GMP phosphodiesterase PdeN
[17:56:32] Modify product: Uncharacterized ABC transporter ATP-binding protein YejF => putative ABC transporter ATP-binding protein YejF
[17:56:32] Modify product: Uncharacterized protein YejG => putative protein YejG
[17:56:32] Modify product: UPF0352 protein YejL => hypothetical protein
[17:56:32] Modify product: Probable autotransporter YfaL => putative autotransporter YfaL
[17:56:32] Modify product: Uncharacterized HTH-type transcriptional regulator RhmR => putative HTH-type transcriptional regulator RhmR
[17:56:32] Modify product: Uncharacterized protein YlcG => putative protein YlcG
[17:56:32] Modify product: Uncharacterized protein YdfR => putative protein YdfR
[17:56:32] Modify product: Uncharacterized periplasmic iron-binding protein HI_0362 => putative periplasmic iron-binding protein
[17:56:32] Modify product: Uncharacterized protein YdfO => putative protein YdfO
[17:56:32] Modify product: Probable two-component-system connector protein YcgZ => putative two-component-system connector protein YcgZ
[17:56:32] Modify product: Probable two-component-system connector protein AriR => putative two-component-system connector protein AriR
[17:56:32] Modify product: Uncharacterized protein YmgC => putative protein YmgC
[17:56:32] Modify product: Probable cyclic di-GMP phosphodiesterase PdeG => putative cyclic di-GMP phosphodiesterase PdeG
[17:56:32] Modify product: Uncharacterized protein YmgD => putative protein YmgD
[17:56:32] Modify product: UPF0757 protein YmgG => hypothetical protein
[17:56:32] Modify product: Probable autotransporter ROD_p1121 => putative autotransporter
[17:56:32] Modify product: Uncharacterized protein YcgM => putative protein YcgM
[17:56:32] Modify product: Uncharacterized ABC transporter ATP-binding protein HI_1470 => putative ABC transporter ATP-binding protein
[17:56:32] Modify product: Probable ABC transporter permease protein HI_1471 => putative ABC transporter permease protein
[17:56:32] Modify product: UPF0225 protein YchJ => hypothetical protein
[17:56:32] Modify product: Uncharacterized NTE family protein Rv1063c => putative NTE family protein
[17:56:32] Modify product: UPF0056 inner membrane protein MarC => hypothetical protein
[17:56:32] Modify product: UPF0263 protein YciU => hypothetical protein
[17:56:32] Modify product: Uncharacterized acyl-CoA thioester hydrolase HI_0827 => putative acyl-CoA thioester hydrolase
[17:56:32] Modify product: Probable intracellular septation protein A => putative intracellular septation protein A
[17:56:32] Modify product: UPF0259 membrane protein YciC => hypothetical protein
[17:56:32] Modify product: Uncharacterized protein YciO => putative protein YciO
[17:56:32] Modify product: Uncharacterized oxidoreductase YciK => putative oxidoreductase YciK
[17:56:32] Modify product: Probable protease SohB => putative protease SohB
[17:56:32] Modify product: Uncharacterized protein YciH => putative protein YciH
[17:56:32] Modify product: UPF0509 protein YciZ => hypothetical protein
[17:56:32] Modify product: Probable efflux pump outer membrane protein TtgC => putative efflux pump outer membrane protein TtgC
[17:56:32] Modify product: Uncharacterized protein YcjX => putative protein YcjX
[17:56:32] Modify product: UPF0283 membrane protein YcjF => hypothetical protein
[17:56:32] Modify product: Uncharacterized protein YcjY => putative protein YcjY
[17:56:32] Modify product: Probable DNA endonuclease SmrA => putative DNA endonuclease SmrA
[17:56:32] Modify product: Uncharacterized protein YnbC => putative protein YnbC
[17:56:32] Modify product: Uncharacterized protein YnbD => putative protein YnbD
[17:56:32] Modify product: Uncharacterized protein Rv3292 => putative protein
[17:56:32] Modify product: 23S rRNA 5-hydroxycytidine C2501 synthase => 23S rRNA 5-hydroxycytidine synthase
[17:56:32] Modify product: Uncharacterized protein YdcY => putative protein YdcY
[17:56:32] Modify product: Uncharacterized protein YncE => putative protein YncE
[17:56:32] Modify product: Probable peptidoglycan glycosyltransferase FtsW => putative peptidoglycan glycosyltransferase FtsW
[17:56:32] Modify product: UPF0231 protein YacL => hypothetical protein
[17:56:32] Modify product: Uncharacterized ABC transporter ATP-binding protein YadG => putative ABC transporter ATP-binding protein YadG
[17:56:32] Modify product: Uncharacterized fimbrial-like protein YadC => putative fimbrial-like protein YadC
[17:56:32] Modify product: Uncharacterized fimbrial-like protein YadK => putative fimbrial-like protein YadK
[17:56:32] Modify product: Uncharacterized fimbrial-like protein YadL => putative fimbrial-like protein YadL
[17:56:32] Modify product: Uncharacterized fimbrial-like protein YadM => putative fimbrial-like protein YadM
[17:56:32] Modify product: Probable fimbrial chaperone YadV => putative fimbrial chaperone YadV
[17:56:32] Modify product: Uncharacterized fimbrial-like protein YadN => putative fimbrial-like protein YadN
[17:56:32] Modify product: UPF0126 inner membrane protein YadS => hypothetical protein
[17:56:32] Modify product: UPF0253 protein YaeP => hypothetical protein
[17:56:32] Modify product: Uncharacterized protein YaeQ => putative protein YaeQ
[17:56:32] Modify product: Uncharacterized methyltransferase YcgJ => putative methyltransferase YcgJ
[17:56:32] Modify product: Uncharacterized N-acetyltransferase YafP => putative N-acetyltransferase YafP
[17:56:32] Modify product: UPF0255 protein VV1_0328 => hypothetical protein
[17:56:32] Modify product: Probable fimbrial chaperone EcpE => putative fimbrial chaperone EcpE
[17:56:32] Modify product: Probable outer membrane usher protein EcpC => putative outer membrane usher protein EcpC
[17:56:32] Modify product: Probable fimbrial chaperone EcpB => putative fimbrial chaperone EcpB
[17:56:32] Modify product: Uncharacterized membrane protein YkgR => putative membrane protein YkgR
[17:56:32] Modify product: Uncharacterized protein YcjY => putative protein YcjY
[17:56:32] Modify product: Uncharacterized oxidoreductase YtbE => putative oxidoreductase YtbE
[17:56:32] Modify product: Probable pyridine nucleotide-disulfide oxidoreductase RclA => putative pyridine nucleotide-disulfide oxidoreductase RclA
[17:56:32] Modify product: Uncharacterized HTH-type transcriptional regulator YahB => putative HTH-type transcriptional regulator YahB
[17:56:32] Modify product: Probable diguanylate cyclase DgcC => putative diguanylate cyclase DgcC
[17:56:32] Modify product: UPF0178 protein YaiI => hypothetical protein
[17:56:32] Modify product: Uncharacterized protein YaiA => putative protein YaiA
[17:56:32] Modify product: Uncharacterized lipoprotein YajI => putative lipoprotein YajI
[17:56:32] Modify product: UPF0234 protein YajQ => hypothetical protein
[17:56:32] Modify product: Uncharacterized protein HI_1008 => putative protein
[17:56:32] Modify product: Probable multidrug resistance ABC transporter ATP-binding/permease protein YheI => putative multidrug resistance ABC transporter ATP-binding/permease protein YheI
[17:56:32] Modify product: Uncharacterized lipoprotein YbaY => putative lipoprotein YbaY
[17:56:32] Modify product: Uncharacterized protein YbaA => putative protein YbaA
[17:56:32] Modify product: Probable cyclic di-GMP phosphodiesterase PdeB => putative cyclic di-GMP phosphodiesterase PdeB
[17:56:32] Modify product: Uncharacterized HTH-type transcriptional regulator YbaQ => putative HTH-type transcriptional regulator YbaQ
[17:56:32] Modify product: Probable iron export ATP-binding protein FetA => putative iron export ATP-binding protein FetA
[17:56:32] Modify product: Probable iron export permease protein FetB => putative iron export permease protein FetB
[17:56:32] Modify product: Uncharacterized protein YbcJ => putative protein YbcJ
[17:56:32] Modify product: Bifunctional protein FolD => Bifunctional protein FolD protein
[17:56:32] Modify product: Uncharacterized protein YbdM => putative protein YbdM
[17:56:32] Modify product: Uncharacterized HTH-type transcriptional regulator YbdO => putative HTH-type transcriptional regulator YbdO
[17:56:32] Modify product: UPF0250 protein YbeD => hypothetical protein
[17:56:32] Modify product: UPF0053 inner membrane protein YgdQ => hypothetical protein
[17:56:32] Modify product: Uncharacterized lipoprotein ChiQ => putative lipoprotein ChiQ
[17:56:32] Modify product: Uncharacterized protein YbfE => putative protein YbfE
[17:56:32] Modify product: GTP cyclohydrolase 1 type 2 homolog => GTP cyclohydrolase 1 type 2 
[17:56:32] Modify product: UPF0098 protein YbhB => hypothetical protein
[17:56:32] Modify product: Probable multidrug ABC transporter permease YbhR => putative multidrug ABC transporter permease YbhR
[17:56:32] Modify product: Probable multidrug ABC transporter permease YbhS => putative multidrug ABC transporter permease YbhS
[17:56:32] Modify product: Probable multidrug ABC transporter ATP-binding protein YbhF => putative multidrug ABC transporter ATP-binding protein YbhF
[17:56:32] Modify product: UPF0194 membrane protein YbhG => hypothetical protein
[17:56:32] Modify product: Uncharacterized protein YbiB => putative protein YbiB
[17:56:32] Modify product: Uncharacterized protein YbiI => putative protein YbiI
[17:56:32] Modify product: PKHD-type hydroxylase Sbal_3634 => PKHD-type hydroxylase
[17:56:32] Modify product: Uncharacterized protein McbA => putative protein McbA
[17:56:32] Modify product: Probable L,D-transpeptidase YbiS => putative L,D-transpeptidase YbiS
[17:56:32] Modify product: Uncharacterized ABC transporter ATP-binding protein YbiT => putative ABC transporter ATP-binding protein YbiT
[17:56:32] Modify product: Probable cyclic di-GMP phosphodiesterase PdeI => putative cyclic di-GMP phosphodiesterase PdeI
[17:56:32] Modify product: Uncharacterized protein YbjN => putative protein YbjN
[17:56:32] Modify product: Uncharacterized lipoprotein YbjP => putative lipoprotein YbjP
[17:56:33] Modify product: UPF0145 protein YbjQ => hypothetical protein
[17:56:33] Modify product: Uncharacterized HTH-type transcriptional regulator YdjF => putative HTH-type transcriptional regulator YdjF
[17:56:33] Modify product: Uncharacterized sugar kinase YdjH => putative sugar kinase YdjH
[17:56:33] Modify product: Uncharacterized protein YdjI => putative protein YdjI
[17:56:33] Modify product: Uncharacterized zinc-type alcohol dehydrogenase-like protein YdjJ => putative zinc-type alcohol dehydrogenase-like protein YdjJ
[17:56:33] Modify product: Stress response UPF0229 protein YhbH => hypothetical protein
[17:56:33] Modify product: Probable diguanylate cyclase CdgI => putative diguanylate cyclase CdgI
[17:56:33] Modify product: Probable diguanylate cyclase DgcJ => putative diguanylate cyclase DgcJ
[17:56:33] Modify product: Uncharacterized protein YeaR => putative protein YeaR
[17:56:33] Modify product: Probable ATP-dependent DNA helicase YoaA => putative ATP-dependent DNA helicase YoaA
[17:56:33] Modify product: Probable cyclic di-GMP phosphodiesterase PdeD => putative cyclic di-GMP phosphodiesterase PdeD
[17:56:33] Modify product: UPF0053 inner membrane protein YoaE => hypothetical protein
[17:56:33] Modify product: UPF0266 membrane protein YobD => hypothetical protein
[17:56:33] Modify product: Probable manganese efflux pump MntP => putative manganese efflux pump MntP
[17:56:33] Modify product: Uncharacterized protein YebV => putative protein YebV
[17:56:33] Modify product: Probable transcriptional regulatory protein YebC => putative transcriptional regulatory protein YebC
[17:56:33] Modify product: UPF0394 inner membrane protein YedE => hypothetical protein
[17:56:33] Modify product: UPF0098 protein YbcL => hypothetical protein
[17:56:33] Modify product: Probable diguanylate cyclase DgcQ => putative diguanylate cyclase DgcQ
[17:56:33] Modify product: Uncharacterized inner membrane transporter YedA => putative inner membrane transporter YedA
[17:56:33] Modify product: Uncharacterized protein YedJ => putative protein YedJ
[17:56:33] Modify product: Putative multidrug export ATP-binding/permease protein SAV1866 => Putative multidrug export ATP-binding/permease protein
[17:56:33] Modify product: Probable transcriptional regulatory protein YeeN => putative transcriptional regulatory protein YeeN
[17:56:33] Modify product: Probable FMN/FAD exporter YeeO => putative FMN/FAD exporter YeeO
[17:56:33] Modify product: Uncharacterized HTH-type transcriptional regulator YdjF => putative HTH-type transcriptional regulator YdjF
[17:56:33] Modify product: Probable L,D-transpeptidase ErfK/SrfK => putative L,D-transpeptidase ErfK/SrfK
[17:56:33] Modify product: Uncharacterized tRNA/rRNA methyltransferase YfiF => putative tRNA/rRNA methyltransferase YfiF
[17:56:33] Modify product: UPF0053 inner membrane protein YfjD => hypothetical protein
[17:56:33] Modify product: Uncharacterized protein YbiI => putative protein YbiI
[17:56:33] Modify product: Probable HTH-type transcriptional regulator YgaV => putative HTH-type transcriptional regulator YgaV
[17:56:33] Modify product: Uncharacterized protein YgaM => putative protein YgaM
[17:56:33] Modify product: Probable transporter SCO4007 => putative transporter
[17:56:33] Modify product: Uncharacterized protein YgcP => putative protein YgcP
[17:56:33] Modify product: Probable glucarate transporter => putative glucarate transporter
[17:56:33] Modify product: Uncharacterized protein PA3435 => putative protein
[17:56:33] Modify product: Uncharacterized protein YqcC => putative protein YqcC
[17:56:33] Modify product: Uncharacterized HTH-type transcriptional regulator YdjF => putative HTH-type transcriptional regulator YdjF
[17:56:33] Modify product: UPF0382 inner membrane protein YgdD => hypothetical protein
[17:56:33] Modify product: Uncharacterized lipoprotein YgdR => putative lipoprotein YgdR
[17:56:33] Modify product: UPF0053 inner membrane protein YgdQ => hypothetical protein
[17:56:33] Modify product: Uncharacterized lipoprotein YgdR => putative lipoprotein YgdR
[17:56:33] Modify product: Uncharacterized protein YqfG => putative protein YqfG
[17:56:33] Modify product: UPF0073 inner membrane protein YqfA => hypothetical protein
[17:56:33] Modify product: UPF0267 protein YqfB => hypothetical protein
[17:56:33] Modify product: UPF0149 protein HI_0817 => hypothetical protein
[17:56:33] Modify product: UPF0301 protein YqgE => hypothetical protein
[17:56:33] Modify product: Uncharacterized protein YggR => putative protein YggR
[17:56:33] Modify product: UPF0235 protein YggU => hypothetical protein
[17:56:33] Modify product: Uncharacterized protein HI_0341 => putative protein
[17:56:33] Modify product: Probable Fe(2+)-trafficking protein => putative Fe(2+)-trafficking protein
[17:56:33] Modify product: Uncharacterized FAD-linked oxidoreductase Rv2280 => putative FAD-linked oxidoreductase
[17:56:33] Modify product: Uncharacterized protein YtfJ => putative protein YtfJ
[17:56:33] Modify product: Probable Ni/Fe-hydrogenase 2 b-type cytochrome subunit => putative Ni/Fe-hydrogenase 2 b-type cytochrome subunit
[17:56:33] Modify product: Uncharacterized oxidoreductase YghA => putative oxidoreductase YghA
[17:56:33] Modify product: Uncharacterized oxidoreductase YjmC => putative oxidoreductase YjmC
[17:56:33] Modify product: Solute-binding protein Bpro_3107 => Solute-binding protein
[17:56:33] Modify product: Probable deoxycholate-binding periplasmic protein YgiS => putative deoxycholate-binding periplasmic protein YgiS
[17:56:33] Modify product: Probable quinol monooxygenase YgiN => putative quinol monooxygenase YgiN
[17:56:33] Modify product: Probable siderophore transport system permease protein YfiZ => putative siderophore transport system permease protein YfiZ
[17:56:33] Modify product: Probable siderophore transport system ATP-binding protein YusV => putative siderophore transport system ATP-binding protein YusV
[17:56:33] Modify product: Uncharacterized fimbrial-like protein YbgD => putative fimbrial-like protein YbgD
[17:56:33] Modify product: Probable fimbrial chaperone YfcS => putative fimbrial chaperone YfcS
[17:56:33] Modify product: Probable glycerol-3-phosphate acyltransferase => putative glycerol-3-phosphate acyltransferase
[17:56:33] Modify product: Probable 4-deoxy-4-formamido-L-arabinose-phosphoundecaprenol deformylase ArnD => putative 4-deoxy-4-formamido-L-arabinose-phosphoundecaprenol deformylase ArnD
[17:56:33] Modify product: Probable 4-amino-4-deoxy-L-arabinose-phosphoundecaprenol flippase subunit ArnE => putative 4-amino-4-deoxy-L-arabinose-phosphoundecaprenol flippase subunit ArnE
[17:56:33] Modify product: Probable 4-amino-4-deoxy-L-arabinose-phosphoundecaprenol flippase subunit ArnF => putative 4-amino-4-deoxy-L-arabinose-phosphoundecaprenol flippase subunit ArnF
[17:56:33] Modify product: UPF0304 protein YfbU => hypothetical protein
[17:56:33] Modify product: UPF0208 membrane protein YfbV => hypothetical protein
[17:56:33] Modify product: Uncharacterized Nudix hydrolase YfcD => putative Nudix hydrolase YfcD
[17:56:33] Modify product: Epimerase family protein SA0724 => Epimerase family protein
[17:56:33] Modify product: Uncharacterized MFS-type transporter YfcJ => putative MFS-type transporter YfcJ
[17:56:33] Modify product: Probable membrane transporter protein YfcA => putative membrane transporter protein YfcA
[17:56:33] Modify product: Uncharacterized protein YfcO => putative protein YfcO
[17:56:33] Modify product: Uncharacterized fimbrial-like protein YfcP => putative fimbrial-like protein YfcP
[17:56:33] Modify product: Uncharacterized fimbrial-like protein YfcQ => putative fimbrial-like protein YfcQ
[17:56:33] Modify product: Uncharacterized fimbrial-like protein YfcR => putative fimbrial-like protein YfcR
[17:56:33] Modify product: Probable fimbrial chaperone YfcS => putative fimbrial chaperone YfcS
[17:56:33] Modify product: Uncharacterized fimbrial-like protein YfcV => putative fimbrial-like protein YfcV
[17:56:33] Modify product: UPF0381 protein YiiS => hypothetical protein
[17:56:33] Modify product: Probable multidrug resistance protein EmrY => putative multidrug resistance protein EmrY
[17:56:33] Modify product: Probable multidrug resistance protein EmrK => putative multidrug resistance protein EmrK
[17:56:33] Modify product: Probable cyclic di-GMP phosphodiesterase PdeA => putative cyclic di-GMP phosphodiesterase PdeA
[17:56:33] Modify product: Uncharacterized protein YfeY => putative protein YfeY
[17:56:33] Modify product: Uncharacterized protein Rv2575 => putative protein
[17:56:33] Modify product: Uncharacterized protein YfgD => putative protein YfgD
[17:56:33] Modify product: Uncharacterized protein YfgJ => putative protein YfgJ
[17:56:33] Modify product: UPF0070 protein HI_0370 => hypothetical protein
[17:56:33] Modify product: Uncharacterized protein Rv2307c => putative protein
[17:56:33] Modify product: Probable 3-phenylpropionic acid transporter => putative 3-phenylpropionic acid transporter
[17:56:33] Modify product: Uncharacterized protein YphB => putative protein YphB
[17:56:33] Modify product: UPF0758 protein SP_1088 => hypothetical protein
[17:56:33] Modify product: UPF0701 protein YicC => hypothetical protein
[17:56:33] Modify product: UPF0126 inner membrane protein YicG => hypothetical protein
[17:56:33] Modify product: Probable fructose-bisphosphate aldolase => putative fructose-bisphosphate aldolase
[17:56:33] Modify product: Uncharacterized inner membrane transporter YicL => putative inner membrane transporter YicL
[17:56:33] Modify product: Uncharacterized symporter YidK => putative symporter YidK
[17:56:33] Modify product: Probable 2-dehydro-3-deoxygalactonokinase DgoK1 => putative 2-dehydro-3-deoxygalactonokinase DgoK1
[17:56:33] Modify product: Probable glucosamine-6-phosphate deaminase 2 => putative glucosamine-6-phosphate deaminase 2
[17:56:33] Modify product: Probable transport protein HsrA => putative transport protein HsrA
[17:56:33] Modify product: UPF0438 protein YifE => hypothetical protein
[17:56:33] Modify product: Probable ECA polymerase => putative ECA polymerase
[17:56:33] Modify product: Probable transport protein YifK => putative transport protein YifK
[17:56:34] Modify product: Uncharacterized HTH-type transcriptional regulator YbbH => putative HTH-type transcriptional regulator YbbH
[17:56:34] Modify product: Uncharacterized HTH-type transcriptional regulator YahB => putative HTH-type transcriptional regulator YahB
[17:56:34] Modify product: Probable 2-dehydro-3-deoxygalactonokinase DgoK1 => putative 2-dehydro-3-deoxygalactonokinase DgoK1
[17:56:34] Modify product: Probable protein kinase UbiB => putative protein kinase UbiB
[17:56:34] Modify product: Probable acyltransferase YihG => putative acyltransferase YihG
[17:56:34] Modify product: Probable GTP-binding protein EngB => putative GTP-binding protein EngB
[17:56:34] Modify product: Uncharacterized protein YshB => putative protein YshB
[17:56:34] Modify product: Uncharacterized zinc-type alcohol dehydrogenase-like protein YjmD => putative zinc-type alcohol dehydrogenase-like protein YjmD
[17:56:34] Modify product: UPF0761 membrane protein YihY => hypothetical protein
[17:56:34] Modify product: Uncharacterized protein YqjD => putative protein YqjD
[17:56:34] Modify product: UPF0597 protein YhaM => hypothetical protein
[17:56:34] Modify product: Probable serine transporter => putative serine transporter
[17:56:34] Modify product: Probable galactarate transporter => putative galactarate transporter
[17:56:34] Modify product: Uncharacterized protease YhbU => putative protease YhbU
[17:56:34] Modify product: Uncharacterized inner membrane transporter YhbE => putative inner membrane transporter YhbE
[17:56:34] Modify product: Uncharacterized protein YrbL => putative protein YrbL
[17:56:34] Modify product: Uncharacterized protein YhcH => putative protein YhcH
[17:56:34] Modify product: Uncharacterized protein YhcO => putative protein YhcO
[17:56:34] Modify product: Probable acrylyl-CoA reductase AcuI => putative acrylyl-CoA reductase AcuI
[17:56:34] Modify product: Uncharacterized membrane protein YhdT => putative membrane protein YhdT
[17:56:34] Modify product: Probable bifunctional chitinase/lysozyme => putative bifunctional chitinase/lysozyme
[17:56:34] Modify product: Protein SlyX homolog => Protein SlyX 
[17:56:34] Modify product: Uncharacterized ABC transporter ATP-binding protein YheS => putative ABC transporter ATP-binding protein YheS
[17:56:34] Modify product: UPF0270 protein PA3463 => hypothetical protein
[17:56:34] Modify product: Probable protein adenylyltransferase Fic => putative protein adenylyltransferase Fic
[17:56:34] Modify product: Uncharacterized protein YhfG => putative protein YhfG
[17:56:34] Modify product: Uncharacterized protein YhfS => putative protein YhfS
[17:56:34] Modify product: Uncharacterized protein YhfX => putative protein YhfX
[17:56:34] Modify product: UPF0716 protein FxsA => hypothetical protein
[17:56:34] Modify product: UPF0719 inner membrane protein YjfL => hypothetical protein
[17:56:34] Modify product: Probable L-ascorbate-6-phosphate lactonase UlaG => putative L-ascorbate-6-phosphate lactonase UlaG
[17:56:34] Modify product: Uncharacterized protein YtfJ => putative protein YtfJ
[17:56:34] Modify product: UPF0053 inner membrane protein YtfL => hypothetical protein
[17:56:34] Modify product: UPF0307 protein YjgA => hypothetical protein
[17:56:34] Modify product: Probable 9-O-acetyl-N-acetylneuraminic acid deacetylase => putative 9-O-acetyl-N-acetylneuraminic acid deacetylase
[17:56:34] Modify product: Probable N-acetylneuraminic acid outer membrane channel protein NanC => putative N-acetylneuraminic acid outer membrane channel protein NanC
[17:56:34] Modify product: Probable major fimbrial subunit LpfA => putative major fimbrial subunit LpfA
[17:56:34] Modify product: Probable RNA 2'-phosphotransferase => putative RNA 2'-phosphotransferase
[17:56:34] Modify product: Uncharacterized protein YjiK => putative protein YjiK
[17:56:34] Modify product: Probable type I restriction enzyme BthVORF4518P M protein => putative type I restriction enzymeP M protein
[17:56:34] Modify product: Probable HTH-type transcriptional regulator LgoR => putative HTH-type transcriptional regulator LgoR
[17:56:34] Modify product: UPF0442 protein YjjB => hypothetical protein
[17:56:34] Modify product: Uncharacterized metal-dependent hydrolase YjjV => putative metal-dependent hydrolase YjjV
[17:56:34] Modify product: Uncharacterized protein YjjI => putative protein YjjI
[17:56:34] Modify product: Probable inner membrane protein Smp => putative inner membrane protein Smp
[17:56:34] Modify product: Putative membrane protein IgaA homolog => Putative membrane protein IgaA 
[17:56:34] Modify product: Probable [Fe-S]-dependent transcriptional repressor FeoC => putative [Fe-S]-dependent transcriptional repressor FeoC
[17:56:34] Modify product: Uncharacterized fimbrial chaperone YcbF => putative fimbrial chaperone YcbF
[17:56:34] Modify product: Uncharacterized fimbrial-like protein YcbV => putative fimbrial-like protein YcbV
[17:56:34] Modify product: Probable major fimbrial subunit LpfA => putative major fimbrial subunit LpfA
[17:56:34] Modify product: Probable outer membrane usher protein ElfC => putative outer membrane usher protein ElfC
[17:56:34] Modify product: UPF0056 inner membrane protein YhgN => hypothetical protein
[17:56:34] Modify product: Uncharacterized oxidoreductase YhhX => putative oxidoreductase YhhX
[17:56:34] Modify product: Uncharacterized protein YhhA => putative protein YhhA
[17:56:34] Modify product: Uncharacterized MFS-type transporter YhhS => putative MFS-type transporter YhhS
[17:56:34] Modify product: Uncharacterized protein HI_0933 => putative protein
[17:56:34] Modify product: Probable cyclic di-GMP phosphodiesterase PdeK => putative cyclic di-GMP phosphodiesterase PdeK
[17:56:34] Modify product: Probable fimbrial subunit LpfE => putative fimbrial subunit LpfE
[17:56:34] Modify product: Probable minor fimbrial subunit LpfD => putative minor fimbrial subunit LpfD
[17:56:34] Modify product: Probable fimbrial chaperone LpfB => putative fimbrial chaperone LpfB
[17:56:34] Modify product: Probable major fimbrial subunit LpfA => putative major fimbrial subunit LpfA
[17:56:34] Modify product: Uncharacterized MFS-type transporter YhjX => putative MFS-type transporter YhjX
[17:56:34] Modify product: Probable lipoprotein YiaD => putative lipoprotein YiaD
[17:56:34] Modify product: Uncharacterized protein HI_0227 => putative protein
[17:56:34] Modify product: Uncharacterized protein YiaX1 => putative protein YiaX1
[17:56:34] Modify product: Uncharacterized GST-like protein YibF => putative GST-like protein YibF
[17:56:34] Modify product: Uncharacterized protein YibL => putative protein YibL
[17:56:34] Modify product: Uncharacterized protein YibN => putative protein YibN
[17:56:34] Modify product: Uncharacterized protein HI_0755 => putative protein
[17:56:34] Modify product: UPF0381 protein YiiS => hypothetical protein
[17:56:34] Modify product: Probable cystine transporter YijE => putative cystine transporter YijE
[17:56:34] Modify product: Probable L-galactonate transporter => putative L-galactonate transporter
[17:56:34] Modify product: Uncharacterized protein HI_0431 => putative protein
[17:56:34] Modify product: Uncharacterized lipoprotein GfcB => putative lipoprotein GfcB
[17:56:34] Modify product: UPF0337 protein YjbJ => hypothetical protein
[17:56:34] Modify product: Uncharacterized protein YjbR => putative protein YjbR
[17:56:34] Modify product: Probable cyclic di-GMP phosphodiesterase PdeC => putative cyclic di-GMP phosphodiesterase PdeC
[17:56:34] Modify product: Uncharacterized ferredoxin-like protein YdhX => putative ferredoxin-like protein YdhX
[17:56:34] Modify product: Probable D,D-dipeptide transport system permease protein DdpC => putative D,D-dipeptide transport system permease protein DdpC
[17:56:34] Modify product: Probable D,D-dipeptide-binding periplasmic protein DdpA => putative D,D-dipeptide-binding periplasmic protein DdpA
[17:56:34] Modify product: Probable transcriptional regulator PhnF => putative transcriptional regulator PhnF
[17:56:34] Modify product: Uncharacterized protein YjdJ => putative protein YjdJ
[17:56:34] Modify product: Probable cadaverine/lysine antiporter => putative cadaverine/lysine antiporter
[17:56:34] Cleaned 353 /product names
[17:56:34] Deleting unwanted file: lf82_prokka/PROKKA_03022021.sprot.tmp.182006.faa
[17:56:34] Deleting unwanted file: lf82_prokka/PROKKA_03022021.sprot.tmp.182006.blast
[17:56:35] There are still 947 unannotated CDS left (started with 4400)
[17:56:35] Will use hmmer3 to search against /data/soft/prokka/db/hmm/HAMAP.hmm with 8 CPUs
[17:56:35] Running: cat lf82_prokka\/PROKKA_03022021\.HAMAP\.hmm\.tmp\.182006\.faa | parallel --gnu --plain -j 8 --block 16235 --recstart '>' --pipe hmmscan --noali --notextw --acc -E 1e-09 --cpu 1 /data/soft/prokka/db/hmm/HAMAP.hmm /dev/stdin > lf82_prokka\/PROKKA_03022021\.HAMAP\.hmm\.tmp\.182006\.hmmer3 2> /dev/null
[17:56:41] Modify product: Uncharacterized Nudix hydrolase NudL => putative Nudix hydrolase NudL
[17:56:41] Cleaned 1 /product names
[17:56:41] Deleting unwanted file: lf82_prokka/PROKKA_03022021.HAMAP.hmm.tmp.182006.faa
[17:56:41] Deleting unwanted file: lf82_prokka/PROKKA_03022021.HAMAP.hmm.tmp.182006.hmmer3
[17:56:41] Labelling remaining 871 proteins as 'hypothetical protein'
[17:56:41] Possible /pseudo 'Colicin-E7 immunity protein' at CU651637.1 position 125640
[17:56:41] Possible /pseudo 'Colicin-E7 immunity protein' at CU651637.1 position 126331
[17:56:41] Possible /pseudo 'Ferrichrome outer membrane transporter/phage receptor' at CU651637.1 position 173820
[17:56:41] Possible /pseudo 'HTH-type transcriptional regulator PgrR' at CU651637.1 position 321634
[17:56:41] Possible /pseudo 'Manganese transport system membrane protein MntB' at CU651637.1 position 1218513
[17:56:41] Possible /pseudo 'Formate dehydrogenase, nitrate-inducible, major subunit' at CU651637.1 position 1513234
[17:56:41] Possible /pseudo 'putative dimethyl sulfoxide reductase chain YnfF' at CU651637.1 position 1638929
[17:56:41] Possible /pseudo 'IS110 family transposase IS621' at CU651637.1 position 2703919
[17:56:41] Possible /pseudo 'Fructose-1-phosphate phosphatase YqaB' at CU651637.1 position 2800201
[17:56:41] Possible /pseudo 'Energy-coupling factor transporter ATP-binding protein EcfA1' at CU651637.1 position 3071814
[17:56:41] Possible /pseudo 'Aerotaxis receptor' at CU651637.1 position 3268869
[17:56:41] Possible /pseudo 'Formate dehydrogenase-O major subunit' at CU651637.1 position 4153633
[17:56:41] Possible /pseudo 'Mannosylglucosyl-3-phosphoglycerate phosphatase' at CU651637.1 position 4199559
[17:56:41] Possible /pseudo 'Formate dehydrogenase H' at CU651637.1 position 4393371
[17:56:41] Possible /pseudo 'ISKra4 family transposase ISCep1' at CU651637.1 position 4660182
[17:56:41] Found 3084 unique /gene codes.
[17:56:41] Fixed 2 duplicate /gene - higB-2_1 higB-2_2
[17:56:41] Fixed 3 duplicate /gene - sorB_1 sorB_2 sorB_3
[17:56:41] Fixed 3 duplicate /gene - bhsA_1 bhsA_2 bhsA_3
[17:56:41] Fixed 4 duplicate /gene - pgrR_1 pgrR_2 pgrR_3 pgrR_4
[17:56:41] Fixed 3 duplicate /gene - kbaY_1 kbaY_2 kbaY_3
[17:56:41] Fixed 2 duplicate /gene - fdnG_1 fdnG_2
[17:56:41] Fixed 4 duplicate /gene - xerC_1 xerC_2 xerC_3 xerC_4
[17:56:41] Fixed 2 duplicate /gene - lutA_1 lutA_2
[17:56:41] Fixed 2 duplicate /gene - ccmH_1 ccmH_2
[17:56:41] Fixed 2 duplicate /gene - xdhA_1 xdhA_2
[17:56:41] Fixed 2 duplicate /gene - gntK_1 gntK_2
[17:56:41] Fixed 2 duplicate /gene - deoB_1 deoB_2
[17:56:41] Fixed 2 duplicate /gene - hxlB_1 hxlB_2
[17:56:41] Fixed 2 duplicate /gene - slp_1 slp_2
[17:56:41] Fixed 2 duplicate /gene - bglF_1 bglF_2
[17:56:41] Fixed 3 duplicate /gene - yahB_1 yahB_2 yahB_3
[17:56:41] Fixed 2 duplicate /gene - mdh_1 mdh_2
[17:56:41] Fixed 4 duplicate /gene - gatC_1 gatC_2 gatC_3 gatC_4
[17:56:41] Fixed 2 duplicate /gene - chbA_1 chbA_2
[17:56:41] Fixed 2 duplicate /gene - rpe_1 rpe_2
[17:56:41] Fixed 2 duplicate /gene - gntR_1 gntR_2
[17:56:41] Fixed 2 duplicate /gene - clpP_1 clpP_2
[17:56:41] Fixed 2 duplicate /gene - proA_1 proA_2
[17:56:41] Fixed 2 duplicate /gene - kefC_1 kefC_2
[17:56:41] Fixed 2 duplicate /gene - rob_1 rob_2
[17:56:41] Fixed 3 duplicate /gene - aaeA_1 aaeA_2 aaeA_3
[17:56:41] Fixed 2 duplicate /gene - ydjZ_1 ydjZ_2
[17:56:41] Fixed 2 duplicate /gene - frwD_1 frwD_2
[17:56:41] Fixed 4 duplicate /gene - hdfR_1 hdfR_2 hdfR_3 hdfR_4
[17:56:41] Fixed 2 duplicate /gene - kdsD_1 kdsD_2
[17:56:41] Fixed 2 duplicate /gene - melR_1 melR_2
[17:56:41] Fixed 2 duplicate /gene - fdoG_1 fdoG_2
[17:56:41] Fixed 2 duplicate /gene - lptG_1 lptG_2
[17:56:41] Fixed 2 duplicate /gene - yrdA_1 yrdA_2
[17:56:41] Fixed 2 duplicate /gene - dmsB_1 dmsB_2
[17:56:41] Fixed 2 duplicate /gene - ulaE_1 ulaE_2
[17:56:41] Fixed 4 duplicate /gene - hyfA_1 hyfA_2 hyfA_3 hyfA_4
[17:56:41] Fixed 2 duplicate /gene - mlc_1 mlc_2
[17:56:41] Fixed 2 duplicate /gene - tmk_1 tmk_2
[17:56:41] Fixed 3 duplicate /gene - gatA_1 gatA_2 gatA_3
[17:56:41] Fixed 2 duplicate /gene - arcA_1 arcA_2
[17:56:41] Fixed 2 duplicate /gene - nhaK_1 nhaK_2
[17:56:41] Fixed 2 duplicate /gene - msbA_1 msbA_2
[17:56:41] Fixed 2 duplicate /gene - ptsH_1 ptsH_2
[17:56:41] Fixed 2 duplicate /gene - hcaR_1 hcaR_2
[17:56:41] Fixed 2 duplicate /gene - dppD_1 dppD_2
[17:56:41] Fixed 2 duplicate /gene - hflC_1 hflC_2
[17:56:41] Fixed 2 duplicate /gene - gnsA_1 gnsA_2
[17:56:41] Fixed 2 duplicate /gene - argE_1 argE_2
[17:56:41] Fixed 2 duplicate /gene - acpP_1 acpP_2
[17:56:41] Fixed 2 duplicate /gene - kgtP_1 kgtP_2
[17:56:41] Fixed 2 duplicate /gene - yohK_1 yohK_2
[17:56:41] Fixed 2 duplicate /gene - topA_1 topA_2
[17:56:41] Fixed 2 duplicate /gene - acrB_1 acrB_2
[17:56:41] Fixed 3 duplicate /gene - fdrA_1 fdrA_2 fdrA_3
[17:56:41] Fixed 2 duplicate /gene - bioD1_1 bioD1_2
[17:56:41] Fixed 2 duplicate /gene - mglA_1 mglA_2
[17:56:41] Fixed 3 duplicate /gene - norR_1 norR_2 norR_3
[17:56:41] Fixed 2 duplicate /gene - sbmC_1 sbmC_2
[17:56:41] Fixed 2 duplicate /gene - rspA_1 rspA_2
[17:56:41] Fixed 2 duplicate /gene - fixA_1 fixA_2
[17:56:41] Fixed 2 duplicate /gene - dhaK_1 dhaK_2
[17:56:41] Fixed 2 duplicate /gene - intA_1 intA_2
[17:56:41] Fixed 2 duplicate /gene - ydgA_1 ydgA_2
[17:56:41] Fixed 2 duplicate /gene - por_1 por_2
[17:56:41] Fixed 2 duplicate /gene - caiA_1 caiA_2
[17:56:41] Fixed 2 duplicate /gene - lolD_1 lolD_2
[17:56:41] Fixed 2 duplicate /gene - ynfF_1 ynfF_2
[17:56:41] Fixed 2 duplicate /gene - fimG_1 fimG_2
[17:56:41] Fixed 2 duplicate /gene - mngR_1 mngR_2
[17:56:41] Fixed 2 duplicate /gene - mggB_1 mggB_2
[17:56:41] Fixed 2 duplicate /gene - malY_1 malY_2
[17:56:41] Fixed 2 duplicate /gene - xylB_1 xylB_2
[17:56:41] Fixed 2 duplicate /gene - aer_1 aer_2
[17:56:41] Fixed 2 duplicate /gene - fbaA_1 fbaA_2
[17:56:41] Fixed 2 duplicate /gene - sucB_1 sucB_2
[17:56:41] Fixed 2 duplicate /gene - ybhA_1 ybhA_2
[17:56:41] Fixed 2 duplicate /gene - ampG_1 ampG_2
[17:56:41] Fixed 2 duplicate /gene - dinI_1 dinI_2
[17:56:41] Fixed 2 duplicate /gene - hokE_1 hokE_2
[17:56:41] Fixed 2 duplicate /gene - ftnA_1 ftnA_2
[17:56:41] Fixed 2 duplicate /gene - ytfJ_1 ytfJ_2
[17:56:41] Fixed 2 duplicate /gene - dapA_1 dapA_2
[17:56:41] Fixed 2 duplicate /gene - prs_1 prs_2
[17:56:41] Fixed 2 duplicate /gene - malP_1 malP_2
[17:56:41] Fixed 2 duplicate /gene - rrrD_1 rrrD_2
[17:56:41] Fixed 2 duplicate /gene - narL_1 narL_2
[17:56:41] Fixed 2 duplicate /gene - rtcB_1 rtcB_2
[17:56:41] Fixed 2 duplicate /gene - leuC_1 leuC_2
[17:56:41] Fixed 2 duplicate /gene - dgoA_1 dgoA_2
[17:56:41] Fixed 2 duplicate /gene - ybiI_1 ybiI_2
[17:56:41] Fixed 3 duplicate /gene - ydcV_1 ydcV_2 ydcV_3
[17:56:41] Fixed 2 duplicate /gene - caiT_1 caiT_2
[17:56:41] Fixed 2 duplicate /gene - dmsC_1 dmsC_2
[17:56:41] Fixed 2 duplicate /gene - nlpD_1 nlpD_2
[17:56:41] Fixed 2 duplicate /gene - prfA_1 prfA_2
[17:56:41] Fixed 2 duplicate /gene - mak_1 mak_2
[17:56:41] Fixed 2 duplicate /gene - acs_1 acs_2
[17:56:41] Fixed 2 duplicate /gene - pduV_1 pduV_2
[17:56:41] Fixed 3 duplicate /gene - oleD_1 oleD_2 oleD_3
[17:56:41] Fixed 2 duplicate /gene - gcl_1 gcl_2
[17:56:41] Fixed 2 duplicate /gene - ssuC_1 ssuC_2
[17:56:41] Fixed 2 duplicate /gene - lexA_1 lexA_2
[17:56:41] Fixed 2 duplicate /gene - nagB_1 nagB_2
[17:56:41] Fixed 2 duplicate /gene - gspA_1 gspA_2
[17:56:41] Fixed 2 duplicate /gene - fhuA_1 fhuA_2
[17:56:41] Fixed 2 duplicate /gene - aaeB_1 aaeB_2
[17:56:41] Fixed 2 duplicate /gene - pal_1 pal_2
[17:56:41] Fixed 4 duplicate /gene - dmlR_1 dmlR_2 dmlR_3 dmlR_4
[17:56:41] Fixed 2 duplicate /gene - acrR_1 acrR_2
[17:56:41] Fixed 2 duplicate /gene - cutC_1 cutC_2
[17:56:41] Fixed 5 duplicate /gene - rhaS_1 rhaS_2 rhaS_3 rhaS_4 rhaS_5
[17:56:41] Fixed 2 duplicate /gene - nadC_1 nadC_2
[17:56:41] Fixed 2 duplicate /gene - hyi_1 hyi_2
[17:56:41] Fixed 3 duplicate /gene - mntB_1 mntB_2 mntB_3
[17:56:41] Fixed 2 duplicate /gene - tabA_1 tabA_2
[17:56:41] Fixed 2 duplicate /gene - glxR_1 glxR_2
[17:56:41] Fixed 2 duplicate /gene - dhaL_1 dhaL_2
[17:56:41] Fixed 2 duplicate /gene - bcr_1 bcr_2
[17:56:41] Fixed 2 duplicate /gene - ccmF_1 ccmF_2
[17:56:41] Fixed 2 duplicate /gene - astD_1 astD_2
[17:56:41] Fixed 2 duplicate /gene - gadX_1 gadX_2
[17:56:41] Fixed 2 duplicate /gene - trmH_1 trmH_2
[17:56:41] Fixed 2 duplicate /gene - dppB_1 dppB_2
[17:56:41] Fixed 2 duplicate /gene - dgoK1_1 dgoK1_2
[17:56:41] Fixed 2 duplicate /gene - yhaJ_1 yhaJ_2
[17:56:41] Fixed 2 duplicate /gene - fimF_1 fimF_2
[17:56:41] Fixed 2 duplicate /gene - artM_1 artM_2
[17:56:41] Fixed 2 duplicate /gene - glpG_1 glpG_2
[17:56:41] Fixed 2 duplicate /gene - argR_1 argR_2
[17:56:41] Fixed 2 duplicate /gene - exuT_1 exuT_2
[17:56:41] Fixed 2 duplicate /gene - dnaK_1 dnaK_2
[17:56:41] Fixed 2 duplicate /gene - sucD_1 sucD_2
[17:56:41] Fixed 2 duplicate /gene - aes_1 aes_2
[17:56:41] Fixed 2 duplicate /gene - rbsB_1 rbsB_2
[17:56:41] Fixed 2 duplicate /gene - chbC_1 chbC_2
[17:56:41] Fixed 3 duplicate /gene - oxyR_1 oxyR_2 oxyR_3
[17:56:41] Fixed 2 duplicate /gene - cutD_1 cutD_2
[17:56:41] Fixed 5 duplicate /gene - hcpA_1 hcpA_2 hcpA_3 hcpA_4 hcpA_5
[17:56:41] Fixed 2 duplicate /gene - gatB_1 gatB_2
[17:56:41] Fixed 2 duplicate /gene - lptB_1 lptB_2
[17:56:41] Fixed 2 duplicate /gene - ecfA1_1 ecfA1_2
[17:56:41] Fixed 2 duplicate /gene - rlhA_1 rlhA_2
[17:56:41] Fixed 2 duplicate /gene - mprA_1 mprA_2
[17:56:41] Fixed 3 duplicate /gene - pdhR_1 pdhR_2 pdhR_3
[17:56:41] Fixed 2 duplicate /gene - glxK_1 glxK_2
[17:56:41] Fixed 2 duplicate /gene - sorC_1 sorC_2
[17:56:41] Fixed 2 duplicate /gene - sgrR_1 sgrR_2
[17:56:41] Fixed 2 duplicate /gene - mtlA_1 mtlA_2
[17:56:41] Fixed 2 duplicate /gene - rutB_1 rutB_2
[17:56:41] Fixed 2 duplicate /gene - glmU_1 glmU_2
[17:56:41] Fixed 2 duplicate /gene - pitA_1 pitA_2
[17:56:41] Fixed 2 duplicate /gene - coaA_1 coaA_2
[17:56:41] Fixed 3 duplicate /gene - fabG_1 fabG_2 fabG_3
[17:56:41] Fixed 2 duplicate /gene - ompA_1 ompA_2
[17:56:41] Fixed 2 duplicate /gene - oppF_1 oppF_2
[17:56:41] Fixed 2 duplicate /gene - fimC_1 fimC_2
[17:56:41] Fixed 2 duplicate /gene - dadA_1 dadA_2
[17:56:41] Fixed 3 duplicate /gene - potA_1 potA_2 potA_3
[17:56:41] Fixed 2 duplicate /gene - topB_1 topB_2
[17:56:41] Fixed 2 duplicate /gene - chuR_1 chuR_2
[17:56:41] Fixed 2 duplicate /gene - yggP_1 yggP_2
[17:56:41] Fixed 3 duplicate /gene - imm_1 imm_2 imm_3
[17:56:41] Fixed 2 duplicate /gene - gspK_1 gspK_2
[17:56:41] Fixed 2 duplicate /gene - cysE_1 cysE_2
[17:56:41] Fixed 2 duplicate /gene - ubiJ_1 ubiJ_2
[17:56:41] Fixed 2 duplicate /gene - ygdR_1 ygdR_2
[17:56:41] Fixed 2 duplicate /gene - nanR_1 nanR_2
[17:56:41] Fixed 2 duplicate /gene - sucC_1 sucC_2
[17:56:41] Fixed 2 duplicate /gene - adhE_1 adhE_2
[17:56:41] Fixed 3 duplicate /gene - ydjF_1 ydjF_2 ydjF_3
[17:56:41] Fixed 2 duplicate /gene - flhA_1 flhA_2
[17:56:41] Fixed 2 duplicate /gene - ybhI_1 ybhI_2
[17:56:41] Fixed 3 duplicate /gene - fruA_1 fruA_2 fruA_3
[17:56:41] Fixed 2 duplicate /gene - yvgN_1 yvgN_2
[17:56:41] Fixed 2 duplicate /gene - ydfO_1 ydfO_2
[17:56:41] Fixed 2 duplicate /gene - ftsA_1 ftsA_2
[17:56:41] Fixed 2 duplicate /gene - kdgK_1 kdgK_2
[17:56:41] Fixed 2 duplicate /gene - sucA_1 sucA_2
[17:56:41] Fixed 3 duplicate /gene - lpfA_1 lpfA_2 lpfA_3
[17:56:41] Fixed 2 duplicate /gene - clpV1_1 clpV1_2
[17:56:41] Fixed 2 duplicate /gene - dhaR_1 dhaR_2
[17:56:41] Fixed 2 duplicate /gene - sapB_1 sapB_2
[17:56:41] Fixed 2 duplicate /gene - fdhF_1 fdhF_2
[17:56:41] Fixed 2 duplicate /gene - gatY_1 gatY_2
[17:56:41] Fixed 2 duplicate /gene - betI_1 betI_2
[17:56:41] Fixed 5 duplicate /gene - rhaR_1 rhaR_2 rhaR_3 rhaR_4 rhaR_5
[17:56:41] Fixed 2 duplicate /gene - mepS_1 mepS_2
[17:56:41] Fixed 2 duplicate /gene - recB_1 recB_2
[17:56:41] Fixed 2 duplicate /gene - fimA_1 fimA_2
[17:56:41] Fixed 2 duplicate /gene - rsxC_1 rsxC_2
[17:56:41] Fixed 2 duplicate /gene - codB_1 codB_2
[17:56:41] Fixed 3 duplicate /gene - bglH_1 bglH_2 bglH_3
[17:56:41] Fixed 2 duplicate /gene - bioF_1 bioF_2
[17:56:41] Fixed 2 duplicate /gene - fimD_1 fimD_2
[17:56:41] Fixed 2 duplicate /gene - osmY_1 osmY_2
[17:56:41] Fixed 4 duplicate /gene - btuD_1 btuD_2 btuD_3 btuD_4
[17:56:41] Fixed 2 duplicate /gene - ycjY_1 ycjY_2
[17:56:41] Fixed 2 duplicate /gene - bglA_1 bglA_2
[17:56:41] Fixed 3 duplicate /gene - ygcS_1 ygcS_2 ygcS_3
[17:56:41] Fixed 2 duplicate /gene - ydhX_1 ydhX_2
[17:56:41] Fixed 2 duplicate /gene - pspB_1 pspB_2
[17:56:41] Fixed 3 duplicate /gene - fixB_1 fixB_2 fixB_3
[17:56:41] Fixed 2 duplicate /gene - yfcS_1 yfcS_2
[17:56:41] Fixed 2 duplicate /gene - cusC_1 cusC_2
[17:56:41] Fixed 2 duplicate /gene - ydjE_1 ydjE_2
[17:56:41] Fixed 2 duplicate /gene - kduD_1 kduD_2
[17:56:41] Fixed 2 duplicate /gene - fimH_1 fimH_2
[17:56:41] Fixed 2 duplicate /gene - lon_1 lon_2
[17:56:41] Fixed 2 duplicate /gene - emrE_1 emrE_2
[17:56:41] Fixed 2 duplicate /gene - glcR_1 glcR_2
[17:56:41] Fixed 2 duplicate /gene - dam_1 dam_2
[17:56:41] Fixed 2 duplicate /gene - fdnH_1 fdnH_2
[17:56:41] Fixed 2 duplicate /gene - fryA_1 fryA_2
[17:56:41] Fixed 2 duplicate /gene - lldR_1 lldR_2
[17:56:41] Fixed 2 duplicate /gene - psuK_1 psuK_2
[17:56:41] Fixed 2 duplicate /gene - mtlK_1 mtlK_2
[17:56:41] Fixed 2 duplicate /gene - rusA_1 rusA_2
[17:56:41] Fixed 2 duplicate /gene - tdh_1 tdh_2
[17:56:41] Fixed 2 duplicate /gene - tsx_1 tsx_2
[17:56:41] Fixed 3 duplicate /gene - rbsA_1 rbsA_2 rbsA_3
[17:56:41] Fixed 2 duplicate /gene - agaC_1 agaC_2
[17:56:41] Fixed 2 duplicate /gene - ttdT_1 ttdT_2
[17:56:41] Fixed 2 duplicate /gene - epsF_1 epsF_2
[17:56:41] Fixed 3 duplicate /gene - fixX_1 fixX_2 fixX_3
[17:56:41] Fixed 3 duplicate /gene - manZ_1 manZ_2 manZ_3
[17:56:41] Fixed 2 duplicate /gene - manX_1 manX_2
[17:56:41] Fixed 2 duplicate /gene - ydiF_1 ydiF_2
[17:56:41] Fixed 2 duplicate /gene - cntO_1 cntO_2
[17:56:41] Fixed 2 duplicate /gene - rhtC_1 rhtC_2
[17:56:41] Fixed 2 duplicate /gene - malX_1 malX_2
[17:56:41] Fixed 2 duplicate /gene - tktA_1 tktA_2
[17:56:41] Fixed 3 duplicate /gene - dnaB_1 dnaB_2 dnaB_3
[17:56:41] Fixed 2 duplicate /gene - ydfR_1 ydfR_2
[17:56:41] Fixed 3 duplicate /gene - rbsC_1 rbsC_2 rbsC_3
[17:56:41] Fixed 2 duplicate /gene - abaF_1 abaF_2
[17:56:41] Fixed 4 duplicate /gene - arnC_1 arnC_2 arnC_3 arnC_4
[17:56:41] Fixed 2 duplicate /gene - icd_1 icd_2
[17:56:41] Fixed 2 duplicate /gene - yhhT_1 yhhT_2
[17:56:41] Fixed 2 duplicate /gene - yqaB_1 yqaB_2
[17:56:41] Fixed 2 duplicate /gene - aspT_1 aspT_2
[17:56:41] Fixed 4 duplicate /gene - vgrG1_1 vgrG1_2 vgrG1_3 vgrG1_4
[17:56:41] Fixed 3 duplicate /gene - glnQ_1 glnQ_2 glnQ_3
[17:56:41] Fixed 2 duplicate /gene - ompD_1 ompD_2
[17:56:41] Fixed 2 duplicate /gene - epsE_1 epsE_2
[17:56:41] Fixed 2 duplicate /gene - fryB_1 fryB_2
[17:56:41] Fixed 4 duplicate /gene - arcC1_1 arcC1_2 arcC1_3 arcC1_4
[17:56:41] Fixed 2 duplicate /gene - btuB_1 btuB_2
[17:56:41] Fixed 2 duplicate /gene - pduA_1 pduA_2
[17:56:41] Fixed 2 duplicate /gene - pncC_1 pncC_2
[17:56:41] Fixed 5 duplicate /gene - srlR_1 srlR_2 srlR_3 srlR_4 srlR_5
[17:56:41] Fixed 2 duplicate /gene - dctM_1 dctM_2
[17:56:41] Fixed 2 duplicate /gene - lgoD_1 lgoD_2
[17:56:41] Fixed 2 duplicate /gene - ybcO_1 ybcO_2
[17:56:41] Fixed 2 duplicate /gene - fabH_1 fabH_2
[17:56:41] Fixed 2 duplicate /gene - ptsG_1 ptsG_2
[17:56:41] Fixed 2 duplicate /gene - COQ5_1 COQ5_2
[17:56:41] Fixed 2 duplicate /gene - papC_1 papC_2
[17:56:41] Fixed 258 colliding /gene names.
[17:56:41] Adding /locus_tag identifiers
[17:56:41] Assigned 4509 locus_tags to CDS and RNA features.
[17:56:41] Writing outputs to lf82_prokka/
[17:56:46] Generating annotation statistics file
[17:56:46] Generating Genbank and Sequin files
[17:56:46] Running: tbl2asn -V b -a r10k -l paired-ends -M n -N 1 -y 'Annotated using prokka 1.14.6 from https://github.com/tseemann/prokka' -Z lf82_prokka\/PROKKA_03022021\.err -i lf82_prokka\/PROKKA_03022021\.fsa 2> /dev/null
[17:56:53] Could not run command: tbl2asn -V b -a r10k -l paired-ends -M n -N 1 -y 'Annotated using prokka 1.14.6 from https://github.com/tseemann/prokka' -Z lf82_prokka\/PROKKA_03022021\.err -i lf82_prokka\/PROKKA_03022021\.fsa 2> /dev/null
